<?xml version="1.0" encoding="UTF-8"?>
<!-- Generated by org.testng.reporters.JUnitXMLReporter -->
<testsuite hostname="MGLT-CND6046GGC" ignored="19" name="Test" tests="77" failures="14" timestamp="21 Jan 2019 05:48:31 GMT" time="2041.11" errors="0">
  <testcase name="verifyBrandsSubFilterFun" time="9.007" classname="org.thecollective.modules.PLPModuleTest"/>
  <testcase name="verifyBrandsSubFilterSection" time="8.508" classname="org.thecollective.modules.PLPModuleTest"/>
  <testcase name="verifyFilterFunctionalityForSearch" time="10.091" classname="org.thecollective.modules.PLPModuleTest"/>
  <testcase name="verifyLeftNavFilters" time="5.209" classname="org.thecollective.modules.PLPModuleTest"/>
  <testcase name="verifyLeftNavFiltersForCatNavigation" time="5.79" classname="org.thecollective.modules.PLPModuleTest"/>
  <testcase name="verifyLeftNavFiltersForSearch" time="8.046" classname="org.thecollective.modules.PLPModuleTest"/>
  <testcase name="verifyMultiFiltersForCatNavigation" time="13.934" classname="org.thecollective.modules.PLPModuleTest"/>
  <testcase name="verifyMultiFiltersRefreshForCatNavigation" time="17.932" classname="org.thecollective.modules.PLPModuleTest"/>
  <testcase name="verifyMultipleFilterByChnagingSortByOption" time="18.574" classname="org.thecollective.modules.PLPModuleTest"/>
  <testcase name="verifyMultipleFilterFunctionalityForSearch" time="17.276" classname="org.thecollective.modules.PLPModuleTest"/>
  <testcase name="verifyMultipleFilterWithPageRefresh" time="18.7" classname="org.thecollective.modules.PLPModuleTest"/>
  <testcase name="verifyProductListByCatNavigation" time="28.482" classname="org.thecollective.modules.PLPModuleTest"/>
  <testcase name="verifyProductListPageBySearch" time="21.698" classname="org.thecollective.modules.PLPModuleTest">
    <failure type="org.openqa.selenium.WebDriverException" message="unknown error: Element &amp;lt;a href=&amp;quot;javascript:void(0);&amp;quot; sort=&amp;quot;price:desc&amp;quot;&amp;gt;...&amp;lt;/a&amp;gt; is not clickable at point (529, 311). Other element would receive the click: &amp;lt;img src=&amp;quot;https://assets.abfrlcdn.com/resources/img/thecollective/landingBannerD.jpg&amp;quot; class=&amp;quot;img-responsive b-loaded&amp;quot;&amp;gt;
  (Session info: chrome=71.0.3578.98)
  (Driver info: chromedriver=2.43.600210 (68dcf5eebde37173d4027fa8635e332711d2874a),platform=Windows NT 6.3.9600 x86_64) (WARNING: The server did not provide any stacktrace information)
Command duration or timeout: 62 milliseconds
Build info: version: &amp;apos;2.53.0&amp;apos;, revision: &amp;apos;35ae25b1534ae328c771e0856c93e187490ca824&amp;apos;, time: &amp;apos;2016-03-15 10:43:46&amp;apos;
System info: host: &amp;apos;MGLT-CND6046GGC&amp;apos;, ip: &amp;apos;172.21.14.225&amp;apos;, os.name: &amp;apos;Windows 8.1&amp;apos;, os.arch: &amp;apos;amd64&amp;apos;, os.version: &amp;apos;6.3&amp;apos;, java.version: &amp;apos;1.8.0_131&amp;apos;
Driver info: org.openqa.selenium.chrome.ChromeDriver
Capabilities [{mobileEmulationEnabled=false, hasTouchScreen=false, platform=WIN8_1, acceptSslCerts=false, goog:chromeOptions={debuggerAddress=localhost:64110}, acceptInsecureCerts=false, webStorageEnabled=true, browserName=chrome, takesScreenshot=true, javascriptEnabled=true, setWindowRect=true, unexpectedAlertBehaviour=, applicationCacheEnabled=false, rotatable=false, networkConnectionEnabled=false, chrome={chromedriverVersion=2.43.600210 (68dcf5eebde37173d4027fa8635e332711d2874a), userDataDir=C:\Users\THIRUV~1.CHI\AppData\Local\Temp\scoped_dir11680_27582}, takesHeapSnapshot=true, pageLoadStrategy=normal, databaseEnabled=false, handlesAlerts=true, version=71.0.3578.98, browserConnectionEnabled=false, nativeEvents=true, locationContextEnabled=true, cssSelectorsEnabled=true}]
Session ID: 7c067cb13061dc07c393b89c2207507b">
      <![CDATA[org.openqa.selenium.WebDriverException: unknown error: Element <a href="javascript:void(0);" sort="price:desc">...</a> is not clickable at point (529, 311). Other element would receive the click: <img src="https://assets.abfrlcdn.com/resources/img/thecollective/landingBannerD.jpg" class="img-responsive b-loaded">
  (Session info: chrome=71.0.3578.98)
  (Driver info: chromedriver=2.43.600210 (68dcf5eebde37173d4027fa8635e332711d2874a),platform=Windows NT 6.3.9600 x86_64) (WARNING: The server did not provide any stacktrace information)
Command duration or timeout: 62 milliseconds
Build info: version: '2.53.0', revision: '35ae25b1534ae328c771e0856c93e187490ca824', time: '2016-03-15 10:43:46'
System info: host: 'MGLT-CND6046GGC', ip: '172.21.14.225', os.name: 'Windows 8.1', os.arch: 'amd64', os.version: '6.3', java.version: '1.8.0_131'
Driver info: org.openqa.selenium.chrome.ChromeDriver
Capabilities [{mobileEmulationEnabled=false, hasTouchScreen=false, platform=WIN8_1, acceptSslCerts=false, goog:chromeOptions={debuggerAddress=localhost:64110}, acceptInsecureCerts=false, webStorageEnabled=true, browserName=chrome, takesScreenshot=true, javascriptEnabled=true, setWindowRect=true, unexpectedAlertBehaviour=, applicationCacheEnabled=false, rotatable=false, networkConnectionEnabled=false, chrome={chromedriverVersion=2.43.600210 (68dcf5eebde37173d4027fa8635e332711d2874a), userDataDir=C:\Users\THIRUV~1.CHI\AppData\Local\Temp\scoped_dir11680_27582}, takesHeapSnapshot=true, pageLoadStrategy=normal, databaseEnabled=false, handlesAlerts=true, version=71.0.3578.98, browserConnectionEnabled=false, nativeEvents=true, locationContextEnabled=true, cssSelectorsEnabled=true}]
Session ID: 7c067cb13061dc07c393b89c2207507b
at org.openqa.selenium.remote.ErrorHandler.createThrowable(ErrorHandler.java:206)
at org.openqa.selenium.remote.ErrorHandler.throwIfResponseFailed(ErrorHandler.java:158)
at org.openqa.selenium.remote.RemoteWebDriver.execute(RemoteWebDriver.java:678)
at org.openqa.selenium.remote.RemoteWebElement.execute(RemoteWebElement.java:327)
at org.openqa.selenium.remote.RemoteWebElement.click(RemoteWebElement.java:85)
at org.thecollective.pageobjects.listpage.ListPageObjects.verifySortByOptions(ListPageObjects.java:374)
at org.thecollective.modules.PLPModuleTest.verifyProductListPageBySearch(PLPModuleTest.java:28)
at org.thecollective.maincontroller.MainController.run(MainController.java:260)
... Removed 31 stack frames]]>
    </failure>
  </testcase> <!-- verifyProductListPageBySearch -->
  <testcase name="verifySingleFilterByChangingSortByOption" time="12.904" classname="org.thecollective.modules.PLPModuleTest">
    <failure type="java.lang.AssertionError" message="applied filter not shown expected [true] but found [false]">
      <![CDATA[java.lang.AssertionError: applied filter not shown expected [true] but found [false]
at org.thecollective.pageobjects.listpage.ListPageObjects.verifySingleCheckedFilter(ListPageObjects.java:424)
at org.thecollective.modules.PLPModuleTest.verifySingleFilterByChangingSortByOption(PLPModuleTest.java:141)
at org.thecollective.maincontroller.MainController.run(MainController.java:260)
... Removed 30 stack frames]]>
    </failure>
  </testcase> <!-- verifySingleFilterByChangingSortByOption -->
  <testcase name="verifySingleFilterForCatNavigation" time="7.034" classname="org.thecollective.modules.PLPModuleTest"/>
  <testcase name="verifySingleFilterFunWithPageRefresh" time="12.466" classname="org.thecollective.modules.PLPModuleTest">
    <failure type="java.lang.AssertionError" message="applied filter not shown expected [true] but found [false]">
      <![CDATA[java.lang.AssertionError: applied filter not shown expected [true] but found [false]
at org.thecollective.pageobjects.listpage.ListPageObjects.verifySingleCheckedFilter(ListPageObjects.java:424)
at org.thecollective.modules.PLPModuleTest.verifySingleFilterFunWithPageRefresh(PLPModuleTest.java:90)
at org.thecollective.maincontroller.MainController.run(MainController.java:260)
... Removed 30 stack frames]]>
    </failure>
  </testcase> <!-- verifySingleFilterFunWithPageRefresh -->
  <testcase name="verifySingleFilterPageRefreshForCatNavigation" time="9.213" classname="org.thecollective.modules.PLPModuleTest"/>
  <testcase name="verifyAllCategories" time="318.887" classname="org.thecollective.modules.HomePageModuleTest">
    <failure type="java.lang.AssertionError" message="products are not available expected [true] but found [false]">
      <![CDATA[java.lang.AssertionError: products are not available expected [true] but found [false]
at org.thecollective.pageobjects.listpage.ListPageObjects.verifyListedProduct(ListPageObjects.java:90)
at org.thecollective.pageobjects.homepage.HomePageObjects.clickOnCategoryLink(HomePageObjects.java:599)
at org.thecollective.modules.HomePageModuleTest.verifyAllCategories(HomePageModuleTest.java:205)
at org.thecollective.maincontroller.MainController.run(MainController.java:260)
... Removed 30 stack frames]]>
    </failure>
  </testcase> <!-- verifyAllCategories -->
  <testcase name="verifyAllImagePathLinksCheckout" time="20.916" classname="org.thecollective.modules.HomePageModuleTest">
    <failure type="org.openqa.selenium.ElementNotVisibleException" message="element not interactable
  (Session info: chrome=71.0.3578.98)
  (Driver info: chromedriver=2.43.600210 (68dcf5eebde37173d4027fa8635e332711d2874a),platform=Windows NT 6.3.9600 x86_64) (WARNING: The server did not provide any stacktrace information)
Command duration or timeout: 15.04 seconds
Build info: version: &amp;apos;2.53.0&amp;apos;, revision: &amp;apos;35ae25b1534ae328c771e0856c93e187490ca824&amp;apos;, time: &amp;apos;2016-03-15 10:43:46&amp;apos;
System info: host: &amp;apos;MGLT-CND6046GGC&amp;apos;, ip: &amp;apos;172.21.14.225&amp;apos;, os.name: &amp;apos;Windows 8.1&amp;apos;, os.arch: &amp;apos;amd64&amp;apos;, os.version: &amp;apos;6.3&amp;apos;, java.version: &amp;apos;1.8.0_131&amp;apos;
Driver info: org.openqa.selenium.chrome.ChromeDriver
Capabilities [{mobileEmulationEnabled=false, hasTouchScreen=false, platform=WIN8_1, acceptSslCerts=false, goog:chromeOptions={debuggerAddress=localhost:64110}, acceptInsecureCerts=false, webStorageEnabled=true, browserName=chrome, takesScreenshot=true, javascriptEnabled=true, setWindowRect=true, unexpectedAlertBehaviour=, applicationCacheEnabled=false, rotatable=false, networkConnectionEnabled=false, chrome={chromedriverVersion=2.43.600210 (68dcf5eebde37173d4027fa8635e332711d2874a), userDataDir=C:\Users\THIRUV~1.CHI\AppData\Local\Temp\scoped_dir11680_27582}, takesHeapSnapshot=true, pageLoadStrategy=normal, databaseEnabled=false, handlesAlerts=true, version=71.0.3578.98, browserConnectionEnabled=false, nativeEvents=true, locationContextEnabled=true, cssSelectorsEnabled=true}]
Session ID: 7c067cb13061dc07c393b89c2207507b">
      <![CDATA[org.openqa.selenium.ElementNotVisibleException: element not interactable
  (Session info: chrome=71.0.3578.98)
  (Driver info: chromedriver=2.43.600210 (68dcf5eebde37173d4027fa8635e332711d2874a),platform=Windows NT 6.3.9600 x86_64) (WARNING: The server did not provide any stacktrace information)
Command duration or timeout: 15.04 seconds
Build info: version: '2.53.0', revision: '35ae25b1534ae328c771e0856c93e187490ca824', time: '2016-03-15 10:43:46'
System info: host: 'MGLT-CND6046GGC', ip: '172.21.14.225', os.name: 'Windows 8.1', os.arch: 'amd64', os.version: '6.3', java.version: '1.8.0_131'
Driver info: org.openqa.selenium.chrome.ChromeDriver
Capabilities [{mobileEmulationEnabled=false, hasTouchScreen=false, platform=WIN8_1, acceptSslCerts=false, goog:chromeOptions={debuggerAddress=localhost:64110}, acceptInsecureCerts=false, webStorageEnabled=true, browserName=chrome, takesScreenshot=true, javascriptEnabled=true, setWindowRect=true, unexpectedAlertBehaviour=, applicationCacheEnabled=false, rotatable=false, networkConnectionEnabled=false, chrome={chromedriverVersion=2.43.600210 (68dcf5eebde37173d4027fa8635e332711d2874a), userDataDir=C:\Users\THIRUV~1.CHI\AppData\Local\Temp\scoped_dir11680_27582}, takesHeapSnapshot=true, pageLoadStrategy=normal, databaseEnabled=false, handlesAlerts=true, version=71.0.3578.98, browserConnectionEnabled=false, nativeEvents=true, locationContextEnabled=true, cssSelectorsEnabled=true}]
Session ID: 7c067cb13061dc07c393b89c2207507b
at org.openqa.selenium.remote.ErrorHandler.createThrowable(ErrorHandler.java:206)
at org.openqa.selenium.remote.ErrorHandler.throwIfResponseFailed(ErrorHandler.java:158)
at org.openqa.selenium.remote.RemoteWebDriver.execute(RemoteWebDriver.java:678)
at org.openqa.selenium.remote.RemoteWebElement.execute(RemoteWebElement.java:327)
at org.openqa.selenium.remote.RemoteWebElement.click(RemoteWebElement.java:85)
at org.openqa.selenium.support.pagefactory.internal.LocatingElementHandler.invoke(LocatingElementHandler.java:51)
at com.sun.proxy.$Proxy18.click(Unknown Source)
at org.thecollective.pageobjects.homepage.HomePageObjects.enterSearchData(HomePageObjects.java:446)
at org.thecollective.modules.HomePageModuleTest.verifyAllImagePathLinksCheckout(HomePageModuleTest.java:265)
at org.thecollective.maincontroller.MainController.run(MainController.java:260)
... Removed 34 stack frames]]>
    </failure>
  </testcase> <!-- verifyAllImagePathLinksCheckout -->
  <testcase name="verifyAllImagePathLinksCheckoutShippingAddres" time="64.458" classname="org.thecollective.modules.HomePageModuleTest">
    <failure type="org.openqa.selenium.TimeoutException" message="Expected condition failed: waiting for visibility of Proxy element for: DefaultElementLocator &amp;apos;By.xpath: //div[contains(@class,&amp;apos;online-size-collective&amp;apos;)]/button&amp;apos; (tried for 30 second(s) with 500 MILLISECONDS interval)
Build info: version: &amp;apos;2.53.0&amp;apos;, revision: &amp;apos;35ae25b1534ae328c771e0856c93e187490ca824&amp;apos;, time: &amp;apos;2016-03-15 10:43:46&amp;apos;
System info: host: &amp;apos;MGLT-CND6046GGC&amp;apos;, ip: &amp;apos;172.21.14.225&amp;apos;, os.name: &amp;apos;Windows 8.1&amp;apos;, os.arch: &amp;apos;amd64&amp;apos;, os.version: &amp;apos;6.3&amp;apos;, java.version: &amp;apos;1.8.0_131&amp;apos;
Driver info: org.openqa.selenium.chrome.ChromeDriver
Capabilities [{mobileEmulationEnabled=false, hasTouchScreen=false, platform=WIN8_1, acceptSslCerts=false, goog:chromeOptions={debuggerAddress=localhost:64110}, acceptInsecureCerts=false, webStorageEnabled=true, browserName=chrome, takesScreenshot=true, javascriptEnabled=true, setWindowRect=true, unexpectedAlertBehaviour=, applicationCacheEnabled=false, rotatable=false, networkConnectionEnabled=false, chrome={chromedriverVersion=2.43.600210 (68dcf5eebde37173d4027fa8635e332711d2874a), userDataDir=C:\Users\THIRUV~1.CHI\AppData\Local\Temp\scoped_dir11680_27582}, takesHeapSnapshot=true, pageLoadStrategy=normal, databaseEnabled=false, handlesAlerts=true, version=71.0.3578.98, browserConnectionEnabled=false, nativeEvents=true, locationContextEnabled=true, cssSelectorsEnabled=true}]
Session ID: 7c067cb13061dc07c393b89c2207507b">
      <![CDATA[org.openqa.selenium.TimeoutException: Expected condition failed: waiting for visibility of Proxy element for: DefaultElementLocator 'By.xpath: //div[contains(@class,'online-size-collective')]/button' (tried for 30 second(s) with 500 MILLISECONDS interval)
Build info: version: '2.53.0', revision: '35ae25b1534ae328c771e0856c93e187490ca824', time: '2016-03-15 10:43:46'
System info: host: 'MGLT-CND6046GGC', ip: '172.21.14.225', os.name: 'Windows 8.1', os.arch: 'amd64', os.version: '6.3', java.version: '1.8.0_131'
Driver info: org.openqa.selenium.chrome.ChromeDriver
Capabilities [{mobileEmulationEnabled=false, hasTouchScreen=false, platform=WIN8_1, acceptSslCerts=false, goog:chromeOptions={debuggerAddress=localhost:64110}, acceptInsecureCerts=false, webStorageEnabled=true, browserName=chrome, takesScreenshot=true, javascriptEnabled=true, setWindowRect=true, unexpectedAlertBehaviour=, applicationCacheEnabled=false, rotatable=false, networkConnectionEnabled=false, chrome={chromedriverVersion=2.43.600210 (68dcf5eebde37173d4027fa8635e332711d2874a), userDataDir=C:\Users\THIRUV~1.CHI\AppData\Local\Temp\scoped_dir11680_27582}, takesHeapSnapshot=true, pageLoadStrategy=normal, databaseEnabled=false, handlesAlerts=true, version=71.0.3578.98, browserConnectionEnabled=false, nativeEvents=true, locationContextEnabled=true, cssSelectorsEnabled=true}]
Session ID: 7c067cb13061dc07c393b89c2207507b
at org.openqa.selenium.support.ui.WebDriverWait.timeoutException(WebDriverWait.java:80)
at org.openqa.selenium.support.ui.FluentWait.until(FluentWait.java:265)
at org.thecollective.utils.Waiting.explicitWaitVisibilityOfElement(Waiting.java:58)
at org.thecollective.pageobjects.pdp.PDPageObjects.selectSize(PDPageObjects.java:86)
at org.thecollective.modules.HomePageModuleTest.verifyAllImagePathLinksCheckoutShippingAddres(HomePageModuleTest.java:290)
at org.thecollective.maincontroller.MainController.run(MainController.java:260)
Caused by: org.openqa.selenium.NoSuchElementException: no such element: Unable to locate element: {"method":"xpath","selector":"//div[contains(@class,'online-size-collective')]/button"}
  (Session info: chrome=71.0.3578.98)
  (Driver info: chromedriver=2.43.600210 (68dcf5eebde37173d4027fa8635e332711d2874a),platform=Windows NT 6.3.9600 x86_64) (WARNING: The server did not provide any stacktrace information)
Command duration or timeout: 9.99 seconds
For documentation on this error, please visit: http://seleniumhq.org/exceptions/no_such_element.html
Build info: version: '2.53.0', revision: '35ae25b1534ae328c771e0856c93e187490ca824', time: '2016-03-15 10:43:46'
System info: host: 'MGLT-CND6046GGC', ip: '172.21.14.225', os.name: 'Windows 8.1', os.arch: 'amd64', os.version: '6.3', java.version: '1.8.0_131'
Driver info: org.openqa.selenium.chrome.ChromeDriver
Capabilities [{mobileEmulationEnabled=false, hasTouchScreen=false, platform=WIN8_1, acceptSslCerts=false, goog:chromeOptions={debuggerAddress=localhost:64110}, acceptInsecureCerts=false, webStorageEnabled=true, browserName=chrome, takesScreenshot=true, javascriptEnabled=true, setWindowRect=true, unexpectedAlertBehaviour=, applicationCacheEnabled=false, rotatable=false, networkConnectionEnabled=false, chrome={chromedriverVersion=2.43.600210 (68dcf5eebde37173d4027fa8635e332711d2874a), userDataDir=C:\Users\THIRUV~1.CHI\AppData\Local\Temp\scoped_dir11680_27582}, takesHeapSnapshot=true, pageLoadStrategy=normal, databaseEnabled=false, handlesAlerts=true, version=71.0.3578.98, browserConnectionEnabled=false, nativeEvents=true, locationContextEnabled=true, cssSelectorsEnabled=true}]
Session ID: 7c067cb13061dc07c393b89c2207507b
*** Element info: {Using=xpath, value=//div[contains(@class,'online-size-collective')]/button}
at org.openqa.selenium.remote.ErrorHandler.createThrowable(ErrorHandler.java:206)
at org.openqa.selenium.remote.ErrorHandler.throwIfResponseFailed(ErrorHandler.java:158)
at org.openqa.selenium.remote.RemoteWebDriver.execute(RemoteWebDriver.java:678)
at org.openqa.selenium.remote.RemoteWebDriver.findElement(RemoteWebDriver.java:363)
at org.openqa.selenium.remote.RemoteWebDriver.findElementByXPath(RemoteWebDriver.java:500)
at org.openqa.selenium.By$ByXPath.findElement(By.java:361)
at org.openqa.selenium.remote.RemoteWebDriver.findElement(RemoteWebDriver.java:355)
at org.openqa.selenium.support.pagefactory.DefaultElementLocator.findElement(DefaultElementLocator.java:69)
at org.openqa.selenium.support.pagefactory.internal.LocatingElementHandler.invoke(LocatingElementHandler.java:38)
at com.sun.proxy.$Proxy18.isDisplayed(Unknown Source)
at org.openqa.selenium.support.ui.ExpectedConditions.elementIfVisible(ExpectedConditions.java:302)
at org.openqa.selenium.support.ui.ExpectedConditions.access$100(ExpectedConditions.java:41)
at org.openqa.selenium.support.ui.ExpectedConditions$10.apply(ExpectedConditions.java:288)
at org.openqa.selenium.support.ui.ExpectedConditions$10.apply(ExpectedConditions.java:285)
at org.openqa.selenium.support.ui.FluentWait.until(FluentWait.java:238)
... 31 more
... Removed 31 stack frames]]>
    </failure>
  </testcase> <!-- verifyAllImagePathLinksCheckoutShippingAddres -->
  <testcase name="verifyAllImagePathLinksInHomepage" time="0.522" classname="org.thecollective.modules.HomePageModuleTest"/>
  <testcase name="verifyAllImagePathLinksInLoginPage" time="5.761" classname="org.thecollective.modules.HomePageModuleTest"/>
  <testcase name="verifyAllImagePathLinksInMyOrderPage" time="24.541" classname="org.thecollective.modules.HomePageModuleTest"/>
  <testcase name="verifyAllImagePathLinksInSignUpPage" time="5.426" classname="org.thecollective.modules.HomePageModuleTest"/>
  <testcase name="verifyAllImagePathLinksListPage" time="7.606" classname="org.thecollective.modules.HomePageModuleTest"/>
  <testcase name="verifyAllImagePathLinksPDP" time="15.201" classname="org.thecollective.modules.HomePageModuleTest"/>
  <testcase name="verifyFooterLinksFunctionality" time="34.236" classname="org.thecollective.modules.HomePageModuleTest"/>
  <testcase name="verifyHomePageAfterLogin" time="10.41" classname="org.thecollective.modules.HomePageModuleTest"/>
  <testcase name="verifyHomePageFooters" time="3.476" classname="org.thecollective.modules.HomePageModuleTest"/>
  <testcase name="verifyHomePageHeadersBeforeLogin" time="40.786" classname="org.thecollective.modules.HomePageModuleTest"/>
  <testcase name="verifyInvalidSearchFunctionality" time="17.457" classname="org.thecollective.modules.HomePageModuleTest"/>
  <testcase name="verifyMensAccessoriesLinks" time="10.052" classname="org.thecollective.modules.HomePageModuleTest"/>
  <testcase name="verifySearchFunctionality" time="10.977" classname="org.thecollective.modules.HomePageModuleTest">
    <failure type="org.openqa.selenium.WebDriverException" message="unknown error: Element &amp;lt;input type=&amp;quot;text&amp;quot; id=&amp;quot;top_search&amp;quot; name=&amp;quot;search_query&amp;quot; class=&amp;quot;inputMaterial form-control header-search-input active&amp;quot; placeholder=&amp;quot;Search or enter Style Code&amp;quot;&amp;gt; is not clickable at point (1068, 26). Other element would receive the click: &amp;lt;div class=&amp;quot;modal-backdrop fade in&amp;quot; style=&amp;quot;height: 100%;&amp;quot;&amp;gt;&amp;lt;/div&amp;gt;
  (Session info: chrome=71.0.3578.98)
  (Driver info: chromedriver=2.43.600210 (68dcf5eebde37173d4027fa8635e332711d2874a),platform=Windows NT 6.3.9600 x86_64) (WARNING: The server did not provide any stacktrace information)
Command duration or timeout: 52 milliseconds
Build info: version: &amp;apos;2.53.0&amp;apos;, revision: &amp;apos;35ae25b1534ae328c771e0856c93e187490ca824&amp;apos;, time: &amp;apos;2016-03-15 10:43:46&amp;apos;
System info: host: &amp;apos;MGLT-CND6046GGC&amp;apos;, ip: &amp;apos;172.21.14.225&amp;apos;, os.name: &amp;apos;Windows 8.1&amp;apos;, os.arch: &amp;apos;amd64&amp;apos;, os.version: &amp;apos;6.3&amp;apos;, java.version: &amp;apos;1.8.0_131&amp;apos;
Driver info: org.openqa.selenium.chrome.ChromeDriver
Capabilities [{mobileEmulationEnabled=false, hasTouchScreen=false, platform=WIN8_1, acceptSslCerts=false, goog:chromeOptions={debuggerAddress=localhost:64110}, acceptInsecureCerts=false, webStorageEnabled=true, browserName=chrome, takesScreenshot=true, javascriptEnabled=true, setWindowRect=true, unexpectedAlertBehaviour=, applicationCacheEnabled=false, rotatable=false, networkConnectionEnabled=false, chrome={chromedriverVersion=2.43.600210 (68dcf5eebde37173d4027fa8635e332711d2874a), userDataDir=C:\Users\THIRUV~1.CHI\AppData\Local\Temp\scoped_dir11680_27582}, takesHeapSnapshot=true, pageLoadStrategy=normal, databaseEnabled=false, handlesAlerts=true, version=71.0.3578.98, browserConnectionEnabled=false, nativeEvents=true, locationContextEnabled=true, cssSelectorsEnabled=true}]
Session ID: 7c067cb13061dc07c393b89c2207507b">
      <![CDATA[org.openqa.selenium.WebDriverException: unknown error: Element <input type="text" id="top_search" name="search_query" class="inputMaterial form-control header-search-input active" placeholder="Search or enter Style Code"> is not clickable at point (1068, 26). Other element would receive the click: <div class="modal-backdrop fade in" style="height: 100%;"></div>
  (Session info: chrome=71.0.3578.98)
  (Driver info: chromedriver=2.43.600210 (68dcf5eebde37173d4027fa8635e332711d2874a),platform=Windows NT 6.3.9600 x86_64) (WARNING: The server did not provide any stacktrace information)
Command duration or timeout: 52 milliseconds
Build info: version: '2.53.0', revision: '35ae25b1534ae328c771e0856c93e187490ca824', time: '2016-03-15 10:43:46'
System info: host: 'MGLT-CND6046GGC', ip: '172.21.14.225', os.name: 'Windows 8.1', os.arch: 'amd64', os.version: '6.3', java.version: '1.8.0_131'
Driver info: org.openqa.selenium.chrome.ChromeDriver
Capabilities [{mobileEmulationEnabled=false, hasTouchScreen=false, platform=WIN8_1, acceptSslCerts=false, goog:chromeOptions={debuggerAddress=localhost:64110}, acceptInsecureCerts=false, webStorageEnabled=true, browserName=chrome, takesScreenshot=true, javascriptEnabled=true, setWindowRect=true, unexpectedAlertBehaviour=, applicationCacheEnabled=false, rotatable=false, networkConnectionEnabled=false, chrome={chromedriverVersion=2.43.600210 (68dcf5eebde37173d4027fa8635e332711d2874a), userDataDir=C:\Users\THIRUV~1.CHI\AppData\Local\Temp\scoped_dir11680_27582}, takesHeapSnapshot=true, pageLoadStrategy=normal, databaseEnabled=false, handlesAlerts=true, version=71.0.3578.98, browserConnectionEnabled=false, nativeEvents=true, locationContextEnabled=true, cssSelectorsEnabled=true}]
Session ID: 7c067cb13061dc07c393b89c2207507b
at org.openqa.selenium.remote.ErrorHandler.createThrowable(ErrorHandler.java:206)
at org.openqa.selenium.remote.ErrorHandler.throwIfResponseFailed(ErrorHandler.java:158)
at org.openqa.selenium.remote.RemoteWebDriver.execute(RemoteWebDriver.java:678)
at org.openqa.selenium.remote.RemoteWebElement.execute(RemoteWebElement.java:327)
at org.openqa.selenium.remote.RemoteWebElement.click(RemoteWebElement.java:85)
at org.openqa.selenium.support.pagefactory.internal.LocatingElementHandler.invoke(LocatingElementHandler.java:51)
at com.sun.proxy.$Proxy18.click(Unknown Source)
at org.thecollective.pageobjects.homepage.HomePageObjects.enterSearchData(HomePageObjects.java:446)
at org.thecollective.modules.HomePageModuleTest.verifySearchFunctionality(HomePageModuleTest.java:147)
at org.thecollective.maincontroller.MainController.run(MainController.java:260)
... Removed 34 stack frames]]>
    </failure>
  </testcase> <!-- verifySearchFunctionality -->
  <testcase name="verifyTheCollectiveStores" time="18.728" classname="org.thecollective.modules.HomePageModuleTest">
    <failure type="org.openqa.selenium.TimeoutException" message="Expected condition failed: waiting for visibility of all [[[ChromeDriver: chrome on WIN8_1 (7c067cb13061dc07c393b89c2207507b)] -&amp;gt; xpath: //h4[contains(@class,&amp;apos;city-heading&amp;apos;)]], [[ChromeDriver: chrome on WIN8_1 (7c067cb13061dc07c393b89c2207507b)] -&amp;gt; xpath: //h4[contains(@class,&amp;apos;city-heading&amp;apos;)]], [[ChromeDriver: chrome on WIN8_1 (7c067cb13061dc07c393b89c2207507b)] -&amp;gt; xpath: //h4[contains(@class,&amp;apos;city-heading&amp;apos;)]], [[ChromeDriver: chrome on WIN8_1 (7c067cb13061dc07c393b89c2207507b)] -&amp;gt; xpath: //h4[contains(@class,&amp;apos;city-heading&amp;apos;)]], [[ChromeDriver: chrome on WIN8_1 (7c067cb13061dc07c393b89c2207507b)] -&amp;gt; xpath: //h4[contains(@class,&amp;apos;city-heading&amp;apos;)]], [[ChromeDriver: chrome on WIN8_1 (7c067cb13061dc07c393b89c2207507b)] -&amp;gt; xpath: //h4[contains(@class,&amp;apos;city-heading&amp;apos;)]], [[ChromeDriver: chrome on WIN8_1 (7c067cb13061dc07c393b89c2207507b)] -&amp;gt; xpath: //h4[contains(@class,&amp;apos;city-heading&amp;apos;)]], [[ChromeDriver: chrome on WIN8_1 (7c067cb13061dc07c393b89c2207507b)] -&amp;gt; xpath: //h4[contains(@class,&amp;apos;city-heading&amp;apos;)]], [[ChromeDriver: chrome on WIN8_1 (7c067cb13061dc07c393b89c2207507b)] -&amp;gt; xpath: //h4[contains(@class,&amp;apos;city-heading&amp;apos;)]]] (tried for 15 second(s) with 500 MILLISECONDS interval)
Build info: version: &amp;apos;2.53.0&amp;apos;, revision: &amp;apos;35ae25b1534ae328c771e0856c93e187490ca824&amp;apos;, time: &amp;apos;2016-03-15 10:43:46&amp;apos;
System info: host: &amp;apos;MGLT-CND6046GGC&amp;apos;, ip: &amp;apos;172.21.14.225&amp;apos;, os.name: &amp;apos;Windows 8.1&amp;apos;, os.arch: &amp;apos;amd64&amp;apos;, os.version: &amp;apos;6.3&amp;apos;, java.version: &amp;apos;1.8.0_131&amp;apos;
Driver info: org.openqa.selenium.chrome.ChromeDriver
Capabilities [{mobileEmulationEnabled=false, hasTouchScreen=false, platform=WIN8_1, acceptSslCerts=false, goog:chromeOptions={debuggerAddress=localhost:64110}, acceptInsecureCerts=false, webStorageEnabled=true, browserName=chrome, takesScreenshot=true, javascriptEnabled=true, setWindowRect=true, unexpectedAlertBehaviour=, applicationCacheEnabled=false, rotatable=false, networkConnectionEnabled=false, chrome={chromedriverVersion=2.43.600210 (68dcf5eebde37173d4027fa8635e332711d2874a), userDataDir=C:\Users\THIRUV~1.CHI\AppData\Local\Temp\scoped_dir11680_27582}, takesHeapSnapshot=true, pageLoadStrategy=normal, databaseEnabled=false, handlesAlerts=true, version=71.0.3578.98, browserConnectionEnabled=false, nativeEvents=true, locationContextEnabled=true, cssSelectorsEnabled=true}]
Session ID: 7c067cb13061dc07c393b89c2207507b">
      <![CDATA[org.openqa.selenium.TimeoutException: Expected condition failed: waiting for visibility of all [[[ChromeDriver: chrome on WIN8_1 (7c067cb13061dc07c393b89c2207507b)] -> xpath: //h4[contains(@class,'city-heading')]], [[ChromeDriver: chrome on WIN8_1 (7c067cb13061dc07c393b89c2207507b)] -> xpath: //h4[contains(@class,'city-heading')]], [[ChromeDriver: chrome on WIN8_1 (7c067cb13061dc07c393b89c2207507b)] -> xpath: //h4[contains(@class,'city-heading')]], [[ChromeDriver: chrome on WIN8_1 (7c067cb13061dc07c393b89c2207507b)] -> xpath: //h4[contains(@class,'city-heading')]], [[ChromeDriver: chrome on WIN8_1 (7c067cb13061dc07c393b89c2207507b)] -> xpath: //h4[contains(@class,'city-heading')]], [[ChromeDriver: chrome on WIN8_1 (7c067cb13061dc07c393b89c2207507b)] -> xpath: //h4[contains(@class,'city-heading')]], [[ChromeDriver: chrome on WIN8_1 (7c067cb13061dc07c393b89c2207507b)] -> xpath: //h4[contains(@class,'city-heading')]], [[ChromeDriver: chrome on WIN8_1 (7c067cb13061dc07c393b89c2207507b)] -> xpath: //h4[contains(@class,'city-heading')]], [[ChromeDriver: chrome on WIN8_1 (7c067cb13061dc07c393b89c2207507b)] -> xpath: //h4[contains(@class,'city-heading')]]] (tried for 15 second(s) with 500 MILLISECONDS interval)
Build info: version: '2.53.0', revision: '35ae25b1534ae328c771e0856c93e187490ca824', time: '2016-03-15 10:43:46'
System info: host: 'MGLT-CND6046GGC', ip: '172.21.14.225', os.name: 'Windows 8.1', os.arch: 'amd64', os.version: '6.3', java.version: '1.8.0_131'
Driver info: org.openqa.selenium.chrome.ChromeDriver
Capabilities [{mobileEmulationEnabled=false, hasTouchScreen=false, platform=WIN8_1, acceptSslCerts=false, goog:chromeOptions={debuggerAddress=localhost:64110}, acceptInsecureCerts=false, webStorageEnabled=true, browserName=chrome, takesScreenshot=true, javascriptEnabled=true, setWindowRect=true, unexpectedAlertBehaviour=, applicationCacheEnabled=false, rotatable=false, networkConnectionEnabled=false, chrome={chromedriverVersion=2.43.600210 (68dcf5eebde37173d4027fa8635e332711d2874a), userDataDir=C:\Users\THIRUV~1.CHI\AppData\Local\Temp\scoped_dir11680_27582}, takesHeapSnapshot=true, pageLoadStrategy=normal, databaseEnabled=false, handlesAlerts=true, version=71.0.3578.98, browserConnectionEnabled=false, nativeEvents=true, locationContextEnabled=true, cssSelectorsEnabled=true}]
Session ID: 7c067cb13061dc07c393b89c2207507b
at org.openqa.selenium.support.ui.WebDriverWait.timeoutException(WebDriverWait.java:80)
at org.openqa.selenium.support.ui.FluentWait.until(FluentWait.java:265)
at org.thecollective.utils.Waiting.explicitWaitVisibilityOfElements(Waiting.java:80)
at org.thecollective.pageobjects.homepage.StoresPageObjects.verifyAvailableStores(StoresPageObjects.java:36)
at org.thecollective.modules.HomePageModuleTest.verifyTheCollectiveStores(HomePageModuleTest.java:65)
at org.thecollective.maincontroller.MainController.run(MainController.java:260)
... Removed 27 stack frames]]>
    </failure>
  </testcase> <!-- verifyTheCollectiveStores -->
  <testcase name="verifyWishListFunctionality" time="11.74" classname="org.thecollective.modules.HomePageModuleTest"/>
  <testcase name="verifyWishListIcon" time="0.069" classname="org.thecollective.modules.HomePageModuleTest"/>
  <testcase name="verifyLogoutFunInMyAccountPage" time="21.06" classname="org.thecollective.modules.MyAccountModuleTest"/>
  <testcase name="verifyMyAccountPage" time="15.709" classname="org.thecollective.modules.MyAccountModuleTest"/>
  <testcase name="verifyMyOrdersPage" time="21.876" classname="org.thecollective.modules.MyAccountModuleTest"/>
  <testcase name="verifyMyOrdersPageTabs" time="19.872" classname="org.thecollective.modules.MyAccountModuleTest"/>
  <testcase name="verifySavedItems" time="15.258" classname="org.thecollective.modules.MyAccountModuleTest"/>
  <testcase name="verifyUpdateAddress" time="19.393" classname="org.thecollective.modules.MyAccountModuleTest"/>
  <testcase name="verifyMyWishListFunctionality" time="36.11" classname="org.thecollective.modules.PDPModuleTest">
    <failure type="java.lang.AssertionError" message="my wish list icon is not avaialable expected [true] but found [false]">
      <![CDATA[java.lang.AssertionError: my wish list icon is not avaialable expected [true] but found [false]
at org.thecollective.pageobjects.pdp.PDPageObjects.verifyMyWishListIcon(PDPageObjects.java:128)
at org.thecollective.modules.PDPModuleTest.verifyMyWishListFunctionality(PDPModuleTest.java:51)
at org.thecollective.maincontroller.MainController.run(MainController.java:260)
... Removed 30 stack frames]]>
    </failure>
  </testcase> <!-- verifyMyWishListFunctionality -->
  <testcase name="verifyMyWishListFunctionalityAfterLogin" time="44.604" classname="org.thecollective.modules.PDPModuleTest">
    <failure type="java.lang.AssertionError" message="my wish list icon is not avaialable expected [true] but found [false]">
      <![CDATA[java.lang.AssertionError: my wish list icon is not avaialable expected [true] but found [false]
at org.thecollective.pageobjects.pdp.PDPageObjects.verifyMyWishListIcon(PDPageObjects.java:128)
at org.thecollective.modules.PDPModuleTest.verifyMyWishListFunctionalityAfterLogin(PDPModuleTest.java:96)
at org.thecollective.maincontroller.MainController.run(MainController.java:260)
... Removed 30 stack frames]]>
    </failure>
  </testcase> <!-- verifyMyWishListFunctionalityAfterLogin -->
  <testcase name="verifyProductDetailsPageTest" time="58.912" classname="org.thecollective.modules.PDPModuleTest">
    <failure type="org.openqa.selenium.TimeoutException" message="Expected condition failed: waiting for visibility of Proxy element for: DefaultElementLocator &amp;apos;By.xpath: //h2[contains(@class,&amp;apos;product_title&amp;apos;)]&amp;apos; (tried for 30 second(s) with 500 MILLISECONDS interval)
Build info: version: &amp;apos;2.53.0&amp;apos;, revision: &amp;apos;35ae25b1534ae328c771e0856c93e187490ca824&amp;apos;, time: &amp;apos;2016-03-15 10:43:46&amp;apos;
System info: host: &amp;apos;MGLT-CND6046GGC&amp;apos;, ip: &amp;apos;172.21.14.225&amp;apos;, os.name: &amp;apos;Windows 8.1&amp;apos;, os.arch: &amp;apos;amd64&amp;apos;, os.version: &amp;apos;6.3&amp;apos;, java.version: &amp;apos;1.8.0_131&amp;apos;
Driver info: org.openqa.selenium.chrome.ChromeDriver
Capabilities [{mobileEmulationEnabled=false, hasTouchScreen=false, platform=WIN8_1, acceptSslCerts=false, goog:chromeOptions={debuggerAddress=localhost:64110}, acceptInsecureCerts=false, webStorageEnabled=true, browserName=chrome, takesScreenshot=true, javascriptEnabled=true, setWindowRect=true, unexpectedAlertBehaviour=, applicationCacheEnabled=false, rotatable=false, networkConnectionEnabled=false, chrome={chromedriverVersion=2.43.600210 (68dcf5eebde37173d4027fa8635e332711d2874a), userDataDir=C:\Users\THIRUV~1.CHI\AppData\Local\Temp\scoped_dir11680_27582}, takesHeapSnapshot=true, pageLoadStrategy=normal, databaseEnabled=false, handlesAlerts=true, version=71.0.3578.98, browserConnectionEnabled=false, nativeEvents=true, locationContextEnabled=true, cssSelectorsEnabled=true}]
Session ID: 7c067cb13061dc07c393b89c2207507b">
      <![CDATA[org.openqa.selenium.TimeoutException: Expected condition failed: waiting for visibility of Proxy element for: DefaultElementLocator 'By.xpath: //h2[contains(@class,'product_title')]' (tried for 30 second(s) with 500 MILLISECONDS interval)
Build info: version: '2.53.0', revision: '35ae25b1534ae328c771e0856c93e187490ca824', time: '2016-03-15 10:43:46'
System info: host: 'MGLT-CND6046GGC', ip: '172.21.14.225', os.name: 'Windows 8.1', os.arch: 'amd64', os.version: '6.3', java.version: '1.8.0_131'
Driver info: org.openqa.selenium.chrome.ChromeDriver
Capabilities [{mobileEmulationEnabled=false, hasTouchScreen=false, platform=WIN8_1, acceptSslCerts=false, goog:chromeOptions={debuggerAddress=localhost:64110}, acceptInsecureCerts=false, webStorageEnabled=true, browserName=chrome, takesScreenshot=true, javascriptEnabled=true, setWindowRect=true, unexpectedAlertBehaviour=, applicationCacheEnabled=false, rotatable=false, networkConnectionEnabled=false, chrome={chromedriverVersion=2.43.600210 (68dcf5eebde37173d4027fa8635e332711d2874a), userDataDir=C:\Users\THIRUV~1.CHI\AppData\Local\Temp\scoped_dir11680_27582}, takesHeapSnapshot=true, pageLoadStrategy=normal, databaseEnabled=false, handlesAlerts=true, version=71.0.3578.98, browserConnectionEnabled=false, nativeEvents=true, locationContextEnabled=true, cssSelectorsEnabled=true}]
Session ID: 7c067cb13061dc07c393b89c2207507b
at org.openqa.selenium.support.ui.WebDriverWait.timeoutException(WebDriverWait.java:80)
at org.openqa.selenium.support.ui.FluentWait.until(FluentWait.java:265)
at org.thecollective.utils.Waiting.explicitWaitVisibilityOfElement(Waiting.java:58)
at org.thecollective.pageobjects.pdp.PDPageObjects.getTheProductName(PDPageObjects.java:78)
at org.thecollective.modules.PDPModuleTest.verifyProductDetailsPageTest(PDPModuleTest.java:29)
at org.thecollective.maincontroller.MainController.run(MainController.java:260)
Caused by: org.openqa.selenium.NoSuchElementException: no such element: Unable to locate element: {"method":"xpath","selector":"//h2[contains(@class,'product_title')]"}
  (Session info: chrome=71.0.3578.98)
  (Driver info: chromedriver=2.43.600210 (68dcf5eebde37173d4027fa8635e332711d2874a),platform=Windows NT 6.3.9600 x86_64) (WARNING: The server did not provide any stacktrace information)
Command duration or timeout: 10.01 seconds
For documentation on this error, please visit: http://seleniumhq.org/exceptions/no_such_element.html
Build info: version: '2.53.0', revision: '35ae25b1534ae328c771e0856c93e187490ca824', time: '2016-03-15 10:43:46'
System info: host: 'MGLT-CND6046GGC', ip: '172.21.14.225', os.name: 'Windows 8.1', os.arch: 'amd64', os.version: '6.3', java.version: '1.8.0_131'
Driver info: org.openqa.selenium.chrome.ChromeDriver
Capabilities [{mobileEmulationEnabled=false, hasTouchScreen=false, platform=WIN8_1, acceptSslCerts=false, goog:chromeOptions={debuggerAddress=localhost:64110}, acceptInsecureCerts=false, webStorageEnabled=true, browserName=chrome, takesScreenshot=true, javascriptEnabled=true, setWindowRect=true, unexpectedAlertBehaviour=, applicationCacheEnabled=false, rotatable=false, networkConnectionEnabled=false, chrome={chromedriverVersion=2.43.600210 (68dcf5eebde37173d4027fa8635e332711d2874a), userDataDir=C:\Users\THIRUV~1.CHI\AppData\Local\Temp\scoped_dir11680_27582}, takesHeapSnapshot=true, pageLoadStrategy=normal, databaseEnabled=false, handlesAlerts=true, version=71.0.3578.98, browserConnectionEnabled=false, nativeEvents=true, locationContextEnabled=true, cssSelectorsEnabled=true}]
Session ID: 7c067cb13061dc07c393b89c2207507b
*** Element info: {Using=xpath, value=//h2[contains(@class,'product_title')]}
at org.openqa.selenium.remote.ErrorHandler.createThrowable(ErrorHandler.java:206)
at org.openqa.selenium.remote.ErrorHandler.throwIfResponseFailed(ErrorHandler.java:158)
at org.openqa.selenium.remote.RemoteWebDriver.execute(RemoteWebDriver.java:678)
at org.openqa.selenium.remote.RemoteWebDriver.findElement(RemoteWebDriver.java:363)
at org.openqa.selenium.remote.RemoteWebDriver.findElementByXPath(RemoteWebDriver.java:500)
at org.openqa.selenium.By$ByXPath.findElement(By.java:361)
at org.openqa.selenium.remote.RemoteWebDriver.findElement(RemoteWebDriver.java:355)
at org.openqa.selenium.support.pagefactory.DefaultElementLocator.findElement(DefaultElementLocator.java:69)
at org.openqa.selenium.support.pagefactory.internal.LocatingElementHandler.invoke(LocatingElementHandler.java:38)
at com.sun.proxy.$Proxy18.isDisplayed(Unknown Source)
at org.openqa.selenium.support.ui.ExpectedConditions.elementIfVisible(ExpectedConditions.java:302)
at org.openqa.selenium.support.ui.ExpectedConditions.access$100(ExpectedConditions.java:41)
at org.openqa.selenium.support.ui.ExpectedConditions$10.apply(ExpectedConditions.java:288)
at org.openqa.selenium.support.ui.ExpectedConditions$10.apply(ExpectedConditions.java:285)
at org.openqa.selenium.support.ui.FluentWait.until(FluentWait.java:238)
... 31 more
... Removed 31 stack frames]]>
    </failure>
  </testcase> <!-- verifyProductDetailsPageTest -->
  <testcase name="verifyProductId" time="9.612" classname="org.thecollective.modules.PDPModuleTest"/>
  <testcase name="updateQuantityTest" time="35.424" classname="org.thecollective.modules.CheckoutModuleTest"/>
  <testcase name="verifyLoginByClickOnContinueInSummaryPage" time="30.628" classname="org.thecollective.modules.CheckoutModuleTest"/>
  <testcase name="verifyLoginPageFromCouponsTabTest" time="29.058" classname="org.thecollective.modules.CheckoutModuleTest"/>
  <testcase name="verifyProductPriceBeforeUpdateTest" time="25.989" classname="org.thecollective.modules.CheckoutModuleTest"/>
  <testcase name="verifySavedItemsToShoppingCartTest" time="33.871" classname="org.thecollective.modules.CheckoutModuleTest">
    <failure type="org.openqa.selenium.NoSuchElementException" message="no such element: Unable to locate element: {&amp;quot;method&amp;quot;:&amp;quot;xpath&amp;quot;,&amp;quot;selector&amp;quot;:&amp;quot;//div[@id=&amp;apos;product_details&amp;apos;]/a&amp;quot;}
  (Session info: chrome=71.0.3578.98)
  (Driver info: chromedriver=2.43.600210 (68dcf5eebde37173d4027fa8635e332711d2874a),platform=Windows NT 6.3.9600 x86_64) (WARNING: The server did not provide any stacktrace information)
Command duration or timeout: 10.03 seconds
For documentation on this error, please visit: http://seleniumhq.org/exceptions/no_such_element.html
Build info: version: &amp;apos;2.53.0&amp;apos;, revision: &amp;apos;35ae25b1534ae328c771e0856c93e187490ca824&amp;apos;, time: &amp;apos;2016-03-15 10:43:46&amp;apos;
System info: host: &amp;apos;MGLT-CND6046GGC&amp;apos;, ip: &amp;apos;172.21.14.225&amp;apos;, os.name: &amp;apos;Windows 8.1&amp;apos;, os.arch: &amp;apos;amd64&amp;apos;, os.version: &amp;apos;6.3&amp;apos;, java.version: &amp;apos;1.8.0_131&amp;apos;
Driver info: org.openqa.selenium.chrome.ChromeDriver
Capabilities [{mobileEmulationEnabled=false, hasTouchScreen=false, platform=WIN8_1, acceptSslCerts=false, goog:chromeOptions={debuggerAddress=localhost:64110}, acceptInsecureCerts=false, webStorageEnabled=true, browserName=chrome, takesScreenshot=true, javascriptEnabled=true, setWindowRect=true, unexpectedAlertBehaviour=, applicationCacheEnabled=false, rotatable=false, networkConnectionEnabled=false, chrome={chromedriverVersion=2.43.600210 (68dcf5eebde37173d4027fa8635e332711d2874a), userDataDir=C:\Users\THIRUV~1.CHI\AppData\Local\Temp\scoped_dir11680_27582}, takesHeapSnapshot=true, pageLoadStrategy=normal, databaseEnabled=false, handlesAlerts=true, version=71.0.3578.98, browserConnectionEnabled=false, nativeEvents=true, locationContextEnabled=true, cssSelectorsEnabled=true}]
Session ID: 7c067cb13061dc07c393b89c2207507b
*** Element info: {Using=xpath, value=//div[@id=&amp;apos;product_details&amp;apos;]/a}">
      <![CDATA[org.openqa.selenium.NoSuchElementException: no such element: Unable to locate element: {"method":"xpath","selector":"//div[@id='product_details']/a"}
  (Session info: chrome=71.0.3578.98)
  (Driver info: chromedriver=2.43.600210 (68dcf5eebde37173d4027fa8635e332711d2874a),platform=Windows NT 6.3.9600 x86_64) (WARNING: The server did not provide any stacktrace information)
Command duration or timeout: 10.03 seconds
For documentation on this error, please visit: http://seleniumhq.org/exceptions/no_such_element.html
Build info: version: '2.53.0', revision: '35ae25b1534ae328c771e0856c93e187490ca824', time: '2016-03-15 10:43:46'
System info: host: 'MGLT-CND6046GGC', ip: '172.21.14.225', os.name: 'Windows 8.1', os.arch: 'amd64', os.version: '6.3', java.version: '1.8.0_131'
Driver info: org.openqa.selenium.chrome.ChromeDriver
Capabilities [{mobileEmulationEnabled=false, hasTouchScreen=false, platform=WIN8_1, acceptSslCerts=false, goog:chromeOptions={debuggerAddress=localhost:64110}, acceptInsecureCerts=false, webStorageEnabled=true, browserName=chrome, takesScreenshot=true, javascriptEnabled=true, setWindowRect=true, unexpectedAlertBehaviour=, applicationCacheEnabled=false, rotatable=false, networkConnectionEnabled=false, chrome={chromedriverVersion=2.43.600210 (68dcf5eebde37173d4027fa8635e332711d2874a), userDataDir=C:\Users\THIRUV~1.CHI\AppData\Local\Temp\scoped_dir11680_27582}, takesHeapSnapshot=true, pageLoadStrategy=normal, databaseEnabled=false, handlesAlerts=true, version=71.0.3578.98, browserConnectionEnabled=false, nativeEvents=true, locationContextEnabled=true, cssSelectorsEnabled=true}]
Session ID: 7c067cb13061dc07c393b89c2207507b
*** Element info: {Using=xpath, value=//div[@id='product_details']/a}
at org.openqa.selenium.remote.ErrorHandler.createThrowable(ErrorHandler.java:206)
at org.openqa.selenium.remote.ErrorHandler.throwIfResponseFailed(ErrorHandler.java:158)
at org.openqa.selenium.remote.RemoteWebDriver.execute(RemoteWebDriver.java:678)
at org.openqa.selenium.remote.RemoteWebDriver.findElement(RemoteWebDriver.java:363)
at org.openqa.selenium.remote.RemoteWebDriver.findElementByXPath(RemoteWebDriver.java:500)
at org.openqa.selenium.By$ByXPath.findElement(By.java:361)
at org.openqa.selenium.remote.RemoteWebDriver.findElement(RemoteWebDriver.java:355)
at org.openqa.selenium.support.pagefactory.DefaultElementLocator.findElement(DefaultElementLocator.java:69)
at org.openqa.selenium.support.pagefactory.internal.LocatingElementHandler.invoke(LocatingElementHandler.java:38)
at com.sun.proxy.$Proxy18.click(Unknown Source)
at org.thecollective.pageobjects.pdp.PDPageObjects.clickOnMyWishListIcon(PDPageObjects.java:149)
at org.thecollective.modules.CheckoutModuleTest.verifySavedItemsToShoppingCartTest(CheckoutModuleTest.java:530)
at org.thecollective.maincontroller.MainController.run(MainController.java:260)
... Removed 31 stack frames]]>
    </failure>
  </testcase> <!-- verifySavedItemsToShoppingCartTest -->
  <testcase name="verifyUpdatePriceTest" time="29.615" classname="org.thecollective.modules.CheckoutModuleTest"/>
  <testcase name="veryfyCheckoutPageTest" time="25.31" classname="org.thecollective.modules.CheckoutModuleTest"/>
  <testcase name="veryfyPaymentTest" time="69.018" classname="org.thecollective.modules.CheckoutModuleTest"/>
  <testcase name="veryfyRemoveProductsTest" time="59.453" classname="org.thecollective.modules.CheckoutModuleTest">
    <failure type="org.openqa.selenium.TimeoutException" message="Expected condition failed: waiting for visibility of Proxy element for: DefaultElementLocator &amp;apos;By.tagName: h1&amp;apos; (tried for 10 second(s) with 500 MILLISECONDS interval)
Build info: version: &amp;apos;2.53.0&amp;apos;, revision: &amp;apos;35ae25b1534ae328c771e0856c93e187490ca824&amp;apos;, time: &amp;apos;2016-03-15 10:43:46&amp;apos;
System info: host: &amp;apos;MGLT-CND6046GGC&amp;apos;, ip: &amp;apos;172.21.14.225&amp;apos;, os.name: &amp;apos;Windows 8.1&amp;apos;, os.arch: &amp;apos;amd64&amp;apos;, os.version: &amp;apos;6.3&amp;apos;, java.version: &amp;apos;1.8.0_131&amp;apos;
Driver info: org.openqa.selenium.chrome.ChromeDriver
Capabilities [{mobileEmulationEnabled=false, hasTouchScreen=false, platform=WIN8_1, acceptSslCerts=false, goog:chromeOptions={debuggerAddress=localhost:64110}, acceptInsecureCerts=false, webStorageEnabled=true, browserName=chrome, takesScreenshot=true, javascriptEnabled=true, setWindowRect=true, unexpectedAlertBehaviour=, applicationCacheEnabled=false, rotatable=false, networkConnectionEnabled=false, chrome={chromedriverVersion=2.43.600210 (68dcf5eebde37173d4027fa8635e332711d2874a), userDataDir=C:\Users\THIRUV~1.CHI\AppData\Local\Temp\scoped_dir11680_27582}, takesHeapSnapshot=true, pageLoadStrategy=normal, databaseEnabled=false, handlesAlerts=true, version=71.0.3578.98, browserConnectionEnabled=false, nativeEvents=true, locationContextEnabled=true, cssSelectorsEnabled=true}]
Session ID: 7c067cb13061dc07c393b89c2207507b">
      <![CDATA[org.openqa.selenium.TimeoutException: Expected condition failed: waiting for visibility of Proxy element for: DefaultElementLocator 'By.tagName: h1' (tried for 10 second(s) with 500 MILLISECONDS interval)
Build info: version: '2.53.0', revision: '35ae25b1534ae328c771e0856c93e187490ca824', time: '2016-03-15 10:43:46'
System info: host: 'MGLT-CND6046GGC', ip: '172.21.14.225', os.name: 'Windows 8.1', os.arch: 'amd64', os.version: '6.3', java.version: '1.8.0_131'
Driver info: org.openqa.selenium.chrome.ChromeDriver
Capabilities [{mobileEmulationEnabled=false, hasTouchScreen=false, platform=WIN8_1, acceptSslCerts=false, goog:chromeOptions={debuggerAddress=localhost:64110}, acceptInsecureCerts=false, webStorageEnabled=true, browserName=chrome, takesScreenshot=true, javascriptEnabled=true, setWindowRect=true, unexpectedAlertBehaviour=, applicationCacheEnabled=false, rotatable=false, networkConnectionEnabled=false, chrome={chromedriverVersion=2.43.600210 (68dcf5eebde37173d4027fa8635e332711d2874a), userDataDir=C:\Users\THIRUV~1.CHI\AppData\Local\Temp\scoped_dir11680_27582}, takesHeapSnapshot=true, pageLoadStrategy=normal, databaseEnabled=false, handlesAlerts=true, version=71.0.3578.98, browserConnectionEnabled=false, nativeEvents=true, locationContextEnabled=true, cssSelectorsEnabled=true}]
Session ID: 7c067cb13061dc07c393b89c2207507b
at org.openqa.selenium.support.ui.WebDriverWait.timeoutException(WebDriverWait.java:80)
at org.openqa.selenium.support.ui.FluentWait.until(FluentWait.java:265)
at org.thecollective.utils.Waiting.explicitWaitVisibilityOfElement(Waiting.java:58)
at org.thecollective.pageobjects.checkout.CheckoutSummaryPageObjects.verifyEmptyCartText(CheckoutSummaryPageObjects.java:168)
at org.thecollective.pageobjects.checkout.CheckoutSummaryPageObjects.verifyEmptyCartPage(CheckoutSummaryPageObjects.java:139)
at org.thecollective.modules.CheckoutModuleTest.veryfyRemoveProductsTest(CheckoutModuleTest.java:93)
at org.thecollective.maincontroller.MainController.run(MainController.java:260)
Caused by: org.openqa.selenium.NoSuchElementException: no such element: Unable to locate element: {"method":"tag name","selector":"h1"}
  (Session info: chrome=71.0.3578.98)
  (Driver info: chromedriver=2.43.600210 (68dcf5eebde37173d4027fa8635e332711d2874a),platform=Windows NT 6.3.9600 x86_64) (WARNING: The server did not provide any stacktrace information)
Command duration or timeout: 10.05 seconds
For documentation on this error, please visit: http://seleniumhq.org/exceptions/no_such_element.html
Build info: version: '2.53.0', revision: '35ae25b1534ae328c771e0856c93e187490ca824', time: '2016-03-15 10:43:46'
System info: host: 'MGLT-CND6046GGC', ip: '172.21.14.225', os.name: 'Windows 8.1', os.arch: 'amd64', os.version: '6.3', java.version: '1.8.0_131'
Driver info: org.openqa.selenium.chrome.ChromeDriver
Capabilities [{mobileEmulationEnabled=false, hasTouchScreen=false, platform=WIN8_1, acceptSslCerts=false, goog:chromeOptions={debuggerAddress=localhost:64110}, acceptInsecureCerts=false, webStorageEnabled=true, browserName=chrome, takesScreenshot=true, javascriptEnabled=true, setWindowRect=true, unexpectedAlertBehaviour=, applicationCacheEnabled=false, rotatable=false, networkConnectionEnabled=false, chrome={chromedriverVersion=2.43.600210 (68dcf5eebde37173d4027fa8635e332711d2874a), userDataDir=C:\Users\THIRUV~1.CHI\AppData\Local\Temp\scoped_dir11680_27582}, takesHeapSnapshot=true, pageLoadStrategy=normal, databaseEnabled=false, handlesAlerts=true, version=71.0.3578.98, browserConnectionEnabled=false, nativeEvents=true, locationContextEnabled=true, cssSelectorsEnabled=true}]
Session ID: 7c067cb13061dc07c393b89c2207507b
*** Element info: {Using=tag name, value=h1}
at org.openqa.selenium.remote.ErrorHandler.createThrowable(ErrorHandler.java:206)
at org.openqa.selenium.remote.ErrorHandler.throwIfResponseFailed(ErrorHandler.java:158)
at org.openqa.selenium.remote.RemoteWebDriver.execute(RemoteWebDriver.java:678)
at org.openqa.selenium.remote.RemoteWebDriver.findElement(RemoteWebDriver.java:363)
at org.openqa.selenium.remote.RemoteWebDriver.findElementByTagName(RemoteWebDriver.java:445)
at org.openqa.selenium.By$ByTagName.findElement(By.java:334)
at org.openqa.selenium.remote.RemoteWebDriver.findElement(RemoteWebDriver.java:355)
at org.openqa.selenium.support.pagefactory.DefaultElementLocator.findElement(DefaultElementLocator.java:69)
at org.openqa.selenium.support.pagefactory.internal.LocatingElementHandler.invoke(LocatingElementHandler.java:38)
at com.sun.proxy.$Proxy18.isDisplayed(Unknown Source)
at org.openqa.selenium.support.ui.ExpectedConditions.elementIfVisible(ExpectedConditions.java:302)
at org.openqa.selenium.support.ui.ExpectedConditions.access$100(ExpectedConditions.java:41)
at org.openqa.selenium.support.ui.ExpectedConditions$10.apply(ExpectedConditions.java:288)
at org.openqa.selenium.support.ui.ExpectedConditions$10.apply(ExpectedConditions.java:285)
at org.openqa.selenium.support.ui.FluentWait.until(FluentWait.java:238)
... 32 more
... Removed 31 stack frames]]>
    </failure>
  </testcase> <!-- veryfyRemoveProductsTest -->
  <testcase name="verifyLoginLinkInCouponsTabTest" time="36.745" classname="org.thecollective.modules.CheckoutModuleTest"/>
  <testcase name="verifyCouponsFunctionality" time="0.0" classname="org.thecollective.modules.CheckoutModuleTest">
    <skipped/>
  </testcase> <!-- verifyCouponsFunctionality -->
  <testcase name="verifyCouponsSectionCheckoutPage" time="0.0" classname="org.thecollective.modules.CheckoutModuleTest">
    <skipped/>
  </testcase> <!-- verifyCouponsSectionCheckoutPage -->
  <testcase name="verifyLoginFunctionalityInCheckoutPage" time="0.0" classname="org.thecollective.modules.CheckoutModuleTest">
    <skipped/>
  </testcase> <!-- verifyLoginFunctionalityInCheckoutPage -->
  <testcase name="verifyLoginFunctionalityInCouponsTabTest" time="0.0" classname="org.thecollective.modules.CheckoutModuleTest">
    <skipped/>
  </testcase> <!-- verifyLoginFunctionalityInCouponsTabTest -->
  <testcase name="verifyOrderPlacementByCCO" time="0.0" classname="org.thecollective.modules.CheckoutModuleTest">
    <skipped/>
  </testcase> <!-- verifyOrderPlacementByCCO -->
  <testcase name="verifyOrderPlacementByCod" time="0.0" classname="org.thecollective.modules.CheckoutModuleTest">
    <skipped/>
  </testcase> <!-- verifyOrderPlacementByCod -->
  <testcase name="veryfyShippingAddresTest" time="0.0" classname="org.thecollective.modules.CheckoutModuleTest">
    <skipped/>
  </testcase> <!-- veryfyShippingAddresTest -->
  <testcase name="loginInvalid" time="11.825" classname="org.thecollective.modules.LoginModuleTest"/>
  <testcase name="loginInvalid" time="10.929" classname="org.thecollective.modules.LoginModuleTest"/>
  <testcase name="loginInvalid" time="10.179" classname="org.thecollective.modules.LoginModuleTest"/>
  <testcase name="loginInvalid" time="11.344" classname="org.thecollective.modules.LoginModuleTest"/>
  <testcase name="loginInvalid" time="11.228" classname="org.thecollective.modules.LoginModuleTest"/>
  <testcase name="loginInvalid" time="10.277" classname="org.thecollective.modules.LoginModuleTest"/>
  <testcase name="loginInvalid" time="11.072" classname="org.thecollective.modules.LoginModuleTest"/>
  <testcase name="loginInvalid" time="11.922" classname="org.thecollective.modules.LoginModuleTest"/>
  <testcase name="loginInvalid" time="10.424" classname="org.thecollective.modules.LoginModuleTest"/>
  <testcase name="loginInvalid" time="10.645" classname="org.thecollective.modules.LoginModuleTest"/>
  <testcase name="loginInvalid" time="11.558" classname="org.thecollective.modules.LoginModuleTest"/>
  <testcase name="loginValid" time="13.536" classname="org.thecollective.modules.LoginModuleTest"/>
  <testcase name="verifyLoginLinkInLandingPage" time="12.848" classname="org.thecollective.modules.LoginModuleTest">
    <failure type="org.openqa.selenium.NoSuchElementException" message="no such element: Unable to locate element: {&amp;quot;method&amp;quot;:&amp;quot;xpath&amp;quot;,&amp;quot;selector&amp;quot;:&amp;quot;//a[@title=&amp;apos;Login&amp;apos;]&amp;quot;}
  (Session info: chrome=71.0.3578.98)
  (Driver info: chromedriver=2.43.600210 (68dcf5eebde37173d4027fa8635e332711d2874a),platform=Windows NT 6.3.9600 x86_64) (WARNING: The server did not provide any stacktrace information)
Command duration or timeout: 10.05 seconds
For documentation on this error, please visit: http://seleniumhq.org/exceptions/no_such_element.html
Build info: version: &amp;apos;2.53.0&amp;apos;, revision: &amp;apos;35ae25b1534ae328c771e0856c93e187490ca824&amp;apos;, time: &amp;apos;2016-03-15 10:43:46&amp;apos;
System info: host: &amp;apos;MGLT-CND6046GGC&amp;apos;, ip: &amp;apos;172.21.14.225&amp;apos;, os.name: &amp;apos;Windows 8.1&amp;apos;, os.arch: &amp;apos;amd64&amp;apos;, os.version: &amp;apos;6.3&amp;apos;, java.version: &amp;apos;1.8.0_131&amp;apos;
Driver info: org.openqa.selenium.chrome.ChromeDriver
Capabilities [{mobileEmulationEnabled=false, hasTouchScreen=false, platform=WIN8_1, acceptSslCerts=false, goog:chromeOptions={debuggerAddress=localhost:64110}, acceptInsecureCerts=false, webStorageEnabled=true, browserName=chrome, takesScreenshot=true, javascriptEnabled=true, setWindowRect=true, unexpectedAlertBehaviour=, applicationCacheEnabled=false, rotatable=false, networkConnectionEnabled=false, chrome={chromedriverVersion=2.43.600210 (68dcf5eebde37173d4027fa8635e332711d2874a), userDataDir=C:\Users\THIRUV~1.CHI\AppData\Local\Temp\scoped_dir11680_27582}, takesHeapSnapshot=true, pageLoadStrategy=normal, databaseEnabled=false, handlesAlerts=true, version=71.0.3578.98, browserConnectionEnabled=false, nativeEvents=true, locationContextEnabled=true, cssSelectorsEnabled=true}]
Session ID: 7c067cb13061dc07c393b89c2207507b
*** Element info: {Using=xpath, value=//a[@title=&amp;apos;Login&amp;apos;]}">
      <![CDATA[org.openqa.selenium.NoSuchElementException: no such element: Unable to locate element: {"method":"xpath","selector":"//a[@title='Login']"}
  (Session info: chrome=71.0.3578.98)
  (Driver info: chromedriver=2.43.600210 (68dcf5eebde37173d4027fa8635e332711d2874a),platform=Windows NT 6.3.9600 x86_64) (WARNING: The server did not provide any stacktrace information)
Command duration or timeout: 10.05 seconds
For documentation on this error, please visit: http://seleniumhq.org/exceptions/no_such_element.html
Build info: version: '2.53.0', revision: '35ae25b1534ae328c771e0856c93e187490ca824', time: '2016-03-15 10:43:46'
System info: host: 'MGLT-CND6046GGC', ip: '172.21.14.225', os.name: 'Windows 8.1', os.arch: 'amd64', os.version: '6.3', java.version: '1.8.0_131'
Driver info: org.openqa.selenium.chrome.ChromeDriver
Capabilities [{mobileEmulationEnabled=false, hasTouchScreen=false, platform=WIN8_1, acceptSslCerts=false, goog:chromeOptions={debuggerAddress=localhost:64110}, acceptInsecureCerts=false, webStorageEnabled=true, browserName=chrome, takesScreenshot=true, javascriptEnabled=true, setWindowRect=true, unexpectedAlertBehaviour=, applicationCacheEnabled=false, rotatable=false, networkConnectionEnabled=false, chrome={chromedriverVersion=2.43.600210 (68dcf5eebde37173d4027fa8635e332711d2874a), userDataDir=C:\Users\THIRUV~1.CHI\AppData\Local\Temp\scoped_dir11680_27582}, takesHeapSnapshot=true, pageLoadStrategy=normal, databaseEnabled=false, handlesAlerts=true, version=71.0.3578.98, browserConnectionEnabled=false, nativeEvents=true, locationContextEnabled=true, cssSelectorsEnabled=true}]
Session ID: 7c067cb13061dc07c393b89c2207507b
*** Element info: {Using=xpath, value=//a[@title='Login']}
at org.openqa.selenium.remote.ErrorHandler.createThrowable(ErrorHandler.java:206)
at org.openqa.selenium.remote.ErrorHandler.throwIfResponseFailed(ErrorHandler.java:158)
at org.openqa.selenium.remote.RemoteWebDriver.execute(RemoteWebDriver.java:678)
at org.openqa.selenium.remote.RemoteWebDriver.findElement(RemoteWebDriver.java:363)
at org.openqa.selenium.remote.RemoteWebDriver.findElementByXPath(RemoteWebDriver.java:500)
at org.openqa.selenium.By$ByXPath.findElement(By.java:361)
at org.openqa.selenium.remote.RemoteWebDriver.findElement(RemoteWebDriver.java:355)
at org.openqa.selenium.support.pagefactory.DefaultElementLocator.findElement(DefaultElementLocator.java:69)
at org.openqa.selenium.support.pagefactory.internal.LocatingElementHandler.invoke(LocatingElementHandler.java:38)
at com.sun.proxy.$Proxy18.getCoordinates(Unknown Source)
at org.openqa.selenium.interactions.internal.MouseAction.getActionLocation(MouseAction.java:51)
at org.openqa.selenium.interactions.MoveMouseAction.perform(MoveMouseAction.java:39)
at org.openqa.selenium.interactions.CompositeAction.perform(CompositeAction.java:50)
at org.thecollective.pageobjects.homepage.HomePageObjects.verifyLoginLink(HomePageObjects.java:658)
at org.thecollective.modules.LoginModuleTest.verifyLoginLinkInLandingPage(LoginModuleTest.java:24)
at org.thecollective.maincontroller.MainController.run(MainController.java:260)
... Removed 30 stack frames]]>
    </failure>
  </testcase> <!-- verifyLoginLinkInLandingPage -->
  <testcase name="verifyLoginLinkInPListPage" time="6.871" classname="org.thecollective.modules.LoginModuleTest"/>
  <testcase name="logoComparision" time="0.0" classname="org.thecollective.modules.HomePageModuleTest">
    <ignored/>
  </testcase> <!-- logoComparision -->
  <testcase name="verifyHomePageFooterLinks" time="0.0" classname="org.thecollective.modules.HomePageModuleTest">
    <ignored/>
  </testcase> <!-- verifyHomePageFooterLinks -->
  <testcase name="@AfterSuite tearDown" time="0.0" classname="org.thecollective.maincontroller.MainController">
    <ignored/>
  </testcase> <!-- @AfterSuite tearDown -->
  <testcase name="@AfterSuite tearDown" time="0.0" classname="org.thecollective.maincontroller.MainController">
    <ignored/>
  </testcase> <!-- @AfterSuite tearDown -->
  <testcase name="@AfterSuite tearDown" time="0.0" classname="org.thecollective.maincontroller.MainController">
    <ignored/>
  </testcase> <!-- @AfterSuite tearDown -->
  <testcase name="@AfterSuite tearDown" time="0.0" classname="org.thecollective.maincontroller.MainController">
    <ignored/>
  </testcase> <!-- @AfterSuite tearDown -->
  <testcase name="@AfterSuite tearDown" time="0.0" classname="org.thecollective.maincontroller.MainController">
    <ignored/>
  </testcase> <!-- @AfterSuite tearDown -->
  <testcase name="@BeforeSuite beforeSuite" time="0.0" classname="org.thecollective.maincontroller.MainController">
    <ignored/>
  </testcase> <!-- @BeforeSuite beforeSuite -->
  <testcase name="@BeforeSuite beforeSuite" time="0.0" classname="org.thecollective.maincontroller.MainController">
    <ignored/>
  </testcase> <!-- @BeforeSuite beforeSuite -->
  <testcase name="@BeforeSuite beforeSuite" time="0.0" classname="org.thecollective.maincontroller.MainController">
    <ignored/>
  </testcase> <!-- @BeforeSuite beforeSuite -->
  <testcase name="@BeforeSuite beforeSuite" time="0.0" classname="org.thecollective.maincontroller.MainController">
    <ignored/>
  </testcase> <!-- @BeforeSuite beforeSuite -->
  <testcase name="@BeforeSuite beforeSuite" time="0.0" classname="org.thecollective.maincontroller.MainController">
    <ignored/>
  </testcase> <!-- @BeforeSuite beforeSuite -->
  <testcase name="verifyChangePassword" time="0.0" classname="org.thecollective.modules.MyAccountModuleTest">
    <ignored/>
  </testcase> <!-- verifyChangePassword -->
  <testcase name="@BeforeTest beforeTest" time="0.0" classname="org.thecollective.maincontroller.MainController">
    <ignored/>
  </testcase> <!-- @BeforeTest beforeTest -->
  <testcase name="@BeforeTest beforeTest" time="0.0" classname="org.thecollective.maincontroller.MainController">
    <ignored/>
  </testcase> <!-- @BeforeTest beforeTest -->
  <testcase name="@BeforeTest beforeTest" time="0.0" classname="org.thecollective.maincontroller.MainController">
    <ignored/>
  </testcase> <!-- @BeforeTest beforeTest -->
  <testcase name="@BeforeTest beforeTest" time="0.0" classname="org.thecollective.maincontroller.MainController">
    <ignored/>
  </testcase> <!-- @BeforeTest beforeTest -->
  <testcase name="@BeforeTest beforeTest" time="0.0" classname="org.thecollective.maincontroller.MainController">
    <ignored/>
  </testcase> <!-- @BeforeTest beforeTest -->
  <testcase name="verifyContentsOfHeaderLinks" time="0.0" classname="org.thecollective.modules.HomePageModuleTest">
    <ignored/>
  </testcase> <!-- verifyContentsOfHeaderLinks -->
</testsuite> <!-- Test -->
