<?xml version="1.0" encoding="UTF-8"?>
<!-- Generated by org.testng.reporters.JUnitXMLReporter -->
<testsuite hostname="MGLT-CND6046GGC" ignored="1" name="Test4" tests="6" failures="0" timestamp="20 Aug 2018 13:21:35 GMT" time="0.095" errors="0">
  <testcase name="@BeforeMethod beforeTest" time="0.001" classname="org.thecollective.maincontroller.MainController">
    <failure type="java.lang.NullPointerException">
      <![CDATA[java.lang.NullPointerException
at org.thecollective.maincontroller.MainController.beforeTest(MainController.java:146)
at java.util.concurrent.FutureTask.run(FutureTask.java:266)
at java.util.concurrent.ThreadPoolExecutor.runWorker(ThreadPoolExecutor.java:1142)
at java.util.concurrent.ThreadPoolExecutor$Worker.run(ThreadPoolExecutor.java:617)
at java.lang.Thread.run(Thread.java:748)
... Removed 18 stack frames]]>
    </failure>
  </testcase> <!-- @BeforeMethod beforeTest -->
  <testcase name="@BeforeMethod beforeTest" time="0.001" classname="org.thecollective.maincontroller.MainController">
    <failure type="java.lang.NullPointerException">
      <![CDATA[java.lang.NullPointerException
at org.thecollective.maincontroller.MainController.beforeTest(MainController.java:146)
at java.util.concurrent.FutureTask.run(FutureTask.java:266)
at java.util.concurrent.ThreadPoolExecutor.runWorker(ThreadPoolExecutor.java:1142)
at java.util.concurrent.ThreadPoolExecutor$Worker.run(ThreadPoolExecutor.java:617)
at java.lang.Thread.run(Thread.java:748)
... Removed 18 stack frames]]>
    </failure>
  </testcase> <!-- @BeforeMethod beforeTest -->
  <testcase name="@BeforeMethod beforeTest" time="0.001" classname="org.thecollective.maincontroller.MainController">
    <failure type="java.lang.NullPointerException">
      <![CDATA[java.lang.NullPointerException
at org.thecollective.maincontroller.MainController.beforeTest(MainController.java:146)
at java.util.concurrent.FutureTask.run(FutureTask.java:266)
at java.util.concurrent.ThreadPoolExecutor.runWorker(ThreadPoolExecutor.java:1142)
at java.util.concurrent.ThreadPoolExecutor$Worker.run(ThreadPoolExecutor.java:617)
at java.lang.Thread.run(Thread.java:748)
... Removed 18 stack frames]]>
    </failure>
  </testcase> <!-- @BeforeMethod beforeTest -->
  <testcase name="@BeforeMethod beforeTest" time="0.001" classname="org.thecollective.maincontroller.MainController">
    <failure type="java.lang.NullPointerException">
      <![CDATA[java.lang.NullPointerException
at org.thecollective.maincontroller.MainController.beforeTest(MainController.java:146)
at java.util.concurrent.FutureTask.run(FutureTask.java:266)
at java.util.concurrent.ThreadPoolExecutor.runWorker(ThreadPoolExecutor.java:1142)
at java.util.concurrent.ThreadPoolExecutor$Worker.run(ThreadPoolExecutor.java:617)
at java.lang.Thread.run(Thread.java:748)
... Removed 18 stack frames]]>
    </failure>
  </testcase> <!-- @BeforeMethod beforeTest -->
  <testcase name="@BeforeMethod beforeTest" time="0.002" classname="org.thecollective.maincontroller.MainController">
    <failure type="java.lang.NullPointerException">
      <![CDATA[java.lang.NullPointerException
at org.thecollective.maincontroller.MainController.beforeTest(MainController.java:146)
at java.util.concurrent.FutureTask.run(FutureTask.java:266)
at java.util.concurrent.ThreadPoolExecutor.runWorker(ThreadPoolExecutor.java:1142)
at java.util.concurrent.ThreadPoolExecutor$Worker.run(ThreadPoolExecutor.java:617)
at java.lang.Thread.run(Thread.java:748)
... Removed 18 stack frames]]>
    </failure>
  </testcase> <!-- @BeforeMethod beforeTest -->
  <testcase name="@BeforeMethod beforeTest" time="0.0" classname="org.thecollective.maincontroller.MainController">
    <failure type="java.lang.NullPointerException">
      <![CDATA[java.lang.NullPointerException
at org.thecollective.maincontroller.MainController.beforeTest(MainController.java:146)
at java.util.concurrent.FutureTask.run(FutureTask.java:266)
at java.util.concurrent.ThreadPoolExecutor.runWorker(ThreadPoolExecutor.java:1142)
at java.util.concurrent.ThreadPoolExecutor$Worker.run(ThreadPoolExecutor.java:617)
at java.lang.Thread.run(Thread.java:748)
... Removed 18 stack frames]]>
    </failure>
  </testcase> <!-- @BeforeMethod beforeTest -->
  <testcase name="verifyLogoutFunInMyAccountPage" time="0.0" classname="org.thecollective.modules.MyAccountModuleTest">
    <skipped/>
  </testcase> <!-- verifyLogoutFunInMyAccountPage -->
  <testcase name="verifyMyAccountPage" time="0.0" classname="org.thecollective.modules.MyAccountModuleTest">
    <skipped/>
  </testcase> <!-- verifyMyAccountPage -->
  <testcase name="verifyMyOrdersPage" time="0.0" classname="org.thecollective.modules.MyAccountModuleTest">
    <skipped/>
  </testcase> <!-- verifyMyOrdersPage -->
  <testcase name="verifyMyOrdersPageTabs" time="0.0" classname="org.thecollective.modules.MyAccountModuleTest">
    <skipped/>
  </testcase> <!-- verifyMyOrdersPageTabs -->
  <testcase name="verifySavedItems" time="0.0" classname="org.thecollective.modules.MyAccountModuleTest">
    <skipped/>
  </testcase> <!-- verifySavedItems -->
  <testcase name="verifyUpdateAddress" time="0.0" classname="org.thecollective.modules.MyAccountModuleTest">
    <skipped/>
  </testcase> <!-- verifyUpdateAddress -->
  <testcase name="verifyChangePassword" time="0.0" classname="org.thecollective.modules.MyAccountModuleTest">
    <ignored/>
  </testcase> <!-- verifyChangePassword -->
</testsuite> <!-- Test4 -->
