<?xml version="1.0" encoding="UTF-8"?>
<!-- Generated by org.testng.reporters.JUnitXMLReporter -->
<testsuite hostname="MGLT-CND6046GGC" ignored="19" name="Test" tests="76" failures="25" timestamp="05 Oct 2018 10:16:21 GMT" time="1659.816" errors="0">
  <testcase name="verifyBrandsSubFilterFun" time="23.92" classname="org.thecollective.modules.PLPModuleTest">
    <failure type="org.openqa.selenium.NoSuchElementException" message="no such element: Unable to locate element: {&amp;quot;method&amp;quot;:&amp;quot;xpath&amp;quot;,&amp;quot;selector&amp;quot;:&amp;quot;//input[@class=&amp;apos;brandFilterSearch&amp;apos;]&amp;quot;}
  (Session info: chrome=69.0.3497.100)
  (Driver info: chromedriver=2.36.540470 (e522d04694c7ebea4ba8821272dbef4f9b818c91),platform=Windows NT 6.3.9600 x86_64) (WARNING: The server did not provide any stacktrace information)
Command duration or timeout: 15.06 seconds
For documentation on this error, please visit: http://seleniumhq.org/exceptions/no_such_element.html
Build info: version: &amp;apos;2.53.0&amp;apos;, revision: &amp;apos;35ae25b1534ae328c771e0856c93e187490ca824&amp;apos;, time: &amp;apos;2016-03-15 10:43:46&amp;apos;
System info: host: &amp;apos;MGLT-CND6046GGC&amp;apos;, ip: &amp;apos;172.21.14.225&amp;apos;, os.name: &amp;apos;Windows 8.1&amp;apos;, os.arch: &amp;apos;amd64&amp;apos;, os.version: &amp;apos;6.3&amp;apos;, java.version: &amp;apos;1.8.0_181&amp;apos;
Driver info: org.openqa.selenium.chrome.ChromeDriver
Capabilities [{applicationCacheEnabled=false, rotatable=false, mobileEmulationEnabled=false, networkConnectionEnabled=false, chrome={chromedriverVersion=2.36.540470 (e522d04694c7ebea4ba8821272dbef4f9b818c91), userDataDir=C:\Users\THIRUV~1.CHI\AppData\Local\Temp\scoped_dir7928_15812}, takesHeapSnapshot=true, pageLoadStrategy=normal, databaseEnabled=false, handlesAlerts=true, hasTouchScreen=false, version=69.0.3497.100, platform=WIN8_1, browserConnectionEnabled=false, nativeEvents=true, acceptSslCerts=false, acceptInsecureCerts=false, locationContextEnabled=true, webStorageEnabled=true, browserName=chrome, takesScreenshot=true, javascriptEnabled=true, cssSelectorsEnabled=true, setWindowRect=true, unexpectedAlertBehaviour=}]
Session ID: 4b3e63b0ad5575a957b4364789850c63
*** Element info: {Using=xpath, value=//input[@class=&amp;apos;brandFilterSearch&amp;apos;]}">
      <![CDATA[org.openqa.selenium.NoSuchElementException: no such element: Unable to locate element: {"method":"xpath","selector":"//input[@class='brandFilterSearch']"}
  (Session info: chrome=69.0.3497.100)
  (Driver info: chromedriver=2.36.540470 (e522d04694c7ebea4ba8821272dbef4f9b818c91),platform=Windows NT 6.3.9600 x86_64) (WARNING: The server did not provide any stacktrace information)
Command duration or timeout: 15.06 seconds
For documentation on this error, please visit: http://seleniumhq.org/exceptions/no_such_element.html
Build info: version: '2.53.0', revision: '35ae25b1534ae328c771e0856c93e187490ca824', time: '2016-03-15 10:43:46'
System info: host: 'MGLT-CND6046GGC', ip: '172.21.14.225', os.name: 'Windows 8.1', os.arch: 'amd64', os.version: '6.3', java.version: '1.8.0_181'
Driver info: org.openqa.selenium.chrome.ChromeDriver
Capabilities [{applicationCacheEnabled=false, rotatable=false, mobileEmulationEnabled=false, networkConnectionEnabled=false, chrome={chromedriverVersion=2.36.540470 (e522d04694c7ebea4ba8821272dbef4f9b818c91), userDataDir=C:\Users\THIRUV~1.CHI\AppData\Local\Temp\scoped_dir7928_15812}, takesHeapSnapshot=true, pageLoadStrategy=normal, databaseEnabled=false, handlesAlerts=true, hasTouchScreen=false, version=69.0.3497.100, platform=WIN8_1, browserConnectionEnabled=false, nativeEvents=true, acceptSslCerts=false, acceptInsecureCerts=false, locationContextEnabled=true, webStorageEnabled=true, browserName=chrome, takesScreenshot=true, javascriptEnabled=true, cssSelectorsEnabled=true, setWindowRect=true, unexpectedAlertBehaviour=}]
Session ID: 4b3e63b0ad5575a957b4364789850c63
*** Element info: {Using=xpath, value=//input[@class='brandFilterSearch']}
at org.openqa.selenium.remote.ErrorHandler.createThrowable(ErrorHandler.java:206)
at org.openqa.selenium.remote.ErrorHandler.throwIfResponseFailed(ErrorHandler.java:158)
at org.openqa.selenium.remote.RemoteWebDriver.execute(RemoteWebDriver.java:678)
at org.openqa.selenium.remote.RemoteWebDriver.findElement(RemoteWebDriver.java:363)
at org.openqa.selenium.remote.RemoteWebDriver.findElementByXPath(RemoteWebDriver.java:500)
at org.openqa.selenium.By$ByXPath.findElement(By.java:361)
at org.openqa.selenium.remote.RemoteWebDriver.findElement(RemoteWebDriver.java:355)
at org.openqa.selenium.support.pagefactory.DefaultElementLocator.findElement(DefaultElementLocator.java:69)
at org.openqa.selenium.support.pagefactory.internal.LocatingElementHandler.invoke(LocatingElementHandler.java:38)
at com.sun.proxy.$Proxy18.isEnabled(Unknown Source)
at org.thecollective.pageobjects.listpage.ListPageObjects.verifyBrandSubFilter(ListPageObjects.java:466)
at org.thecollective.modules.PLPModuleTest.verifyBrandsSubFilterFun(PLPModuleTest.java:278)
at org.thecollective.maincontroller.MainController.run(MainController.java:221)
... Removed 31 stack frames]]>
    </failure>
  </testcase> <!-- verifyBrandsSubFilterFun -->
  <testcase name="verifyBrandsSubFilterSection" time="8.5" classname="org.thecollective.modules.PLPModuleTest"/>
  <testcase name="verifyFilterFunctionalityForSearch" time="8.868" classname="org.thecollective.modules.PLPModuleTest"/>
  <testcase name="verifyLeftNavFilters" time="28.259" classname="org.thecollective.modules.PLPModuleTest">
    <failure type="java.lang.IndexOutOfBoundsException" message="Index: 0, Size: 0">
      <![CDATA[java.lang.IndexOutOfBoundsException: Index: 0, Size: 0
at java.util.ArrayList.rangeCheck(Unknown Source)
at java.util.ArrayList.get(Unknown Source)
at org.openqa.selenium.support.pagefactory.internal.LocatingElementListHandler.invoke(LocatingElementListHandler.java:39)
at com.sun.proxy.$Proxy20.get(Unknown Source)
at org.thecollective.pageobjects.listpage.ListPageObjects.verifyListedProducts(ListPageObjects.java:82)
at org.thecollective.modules.PLPModuleTest.verifyLeftNavFilters(PLPModuleTest.java:53)
at org.thecollective.maincontroller.MainController.run(MainController.java:221)
... Removed 31 stack frames]]>
    </failure>
  </testcase> <!-- verifyLeftNavFilters -->
  <testcase name="verifyLeftNavFiltersForCatNavigation" time="28.684" classname="org.thecollective.modules.PLPModuleTest">
    <failure type="java.lang.IndexOutOfBoundsException" message="Index: 0, Size: 0">
      <![CDATA[java.lang.IndexOutOfBoundsException: Index: 0, Size: 0
at java.util.ArrayList.rangeCheck(Unknown Source)
at java.util.ArrayList.get(Unknown Source)
at org.openqa.selenium.support.pagefactory.internal.LocatingElementListHandler.invoke(LocatingElementListHandler.java:39)
at com.sun.proxy.$Proxy20.get(Unknown Source)
at org.thecollective.pageobjects.listpage.ListPageObjects.verifyListedProducts(ListPageObjects.java:82)
at org.thecollective.modules.PLPModuleTest.verifyLeftNavFiltersForCatNavigation(PLPModuleTest.java:217)
at org.thecollective.maincontroller.MainController.run(MainController.java:221)
... Removed 31 stack frames]]>
    </failure>
  </testcase> <!-- verifyLeftNavFiltersForCatNavigation -->
  <testcase name="verifyLeftNavFiltersForSearch" time="7.396" classname="org.thecollective.modules.PLPModuleTest"/>
  <testcase name="verifyMultiFiltersForCatNavigation" time="25.737" classname="org.thecollective.modules.PLPModuleTest">
    <failure type="java.lang.IndexOutOfBoundsException" message="Index: 0, Size: 0">
      <![CDATA[java.lang.IndexOutOfBoundsException: Index: 0, Size: 0
at java.util.ArrayList.rangeCheck(Unknown Source)
at java.util.ArrayList.get(Unknown Source)
at org.openqa.selenium.support.pagefactory.internal.LocatingElementListHandler.invoke(LocatingElementListHandler.java:39)
at com.sun.proxy.$Proxy20.get(Unknown Source)
at org.thecollective.pageobjects.listpage.ListPageObjects.verifyListedProducts(ListPageObjects.java:82)
at org.thecollective.modules.PLPModuleTest.verifyMultiFiltersForCatNavigation(PLPModuleTest.java:230)
at org.thecollective.maincontroller.MainController.run(MainController.java:221)
... Removed 31 stack frames]]>
    </failure>
  </testcase> <!-- verifyMultiFiltersForCatNavigation -->
  <testcase name="verifyMultiFiltersRefreshForCatNavigation" time="25.522" classname="org.thecollective.modules.PLPModuleTest">
    <failure type="java.lang.IndexOutOfBoundsException" message="Index: 0, Size: 0">
      <![CDATA[java.lang.IndexOutOfBoundsException: Index: 0, Size: 0
at java.util.ArrayList.rangeCheck(Unknown Source)
at java.util.ArrayList.get(Unknown Source)
at org.openqa.selenium.support.pagefactory.internal.LocatingElementListHandler.invoke(LocatingElementListHandler.java:39)
at com.sun.proxy.$Proxy20.get(Unknown Source)
at org.thecollective.pageobjects.listpage.ListPageObjects.verifyListedProducts(ListPageObjects.java:82)
at org.thecollective.modules.PLPModuleTest.verifyMultiFiltersRefreshForCatNavigation(PLPModuleTest.java:246)
at org.thecollective.maincontroller.MainController.run(MainController.java:221)
... Removed 31 stack frames]]>
    </failure>
  </testcase> <!-- verifyMultiFiltersRefreshForCatNavigation -->
  <testcase name="verifyMultipleFilterByChnagingSortByOption" time="18.744" classname="org.thecollective.modules.PLPModuleTest">
    <failure type="java.lang.AssertionError" message="applied:2, actual: 1 expected [2] but found [1]">
      <![CDATA[java.lang.AssertionError: applied:2, actual: 1 expected [2] but found [1]
at org.thecollective.pageobjects.listpage.ListPageObjects.verifyMultipleCheckedFilter(ListPageObjects.java:450)
at org.thecollective.modules.PLPModuleTest.verifyMultipleFilterByChnagingSortByOption(PLPModuleTest.java:158)
at org.thecollective.maincontroller.MainController.run(MainController.java:221)
... Removed 32 stack frames]]>
    </failure>
  </testcase> <!-- verifyMultipleFilterByChnagingSortByOption -->
  <testcase name="verifyMultipleFilterFunctionalityForSearch" time="15.556" classname="org.thecollective.modules.PLPModuleTest"/>
  <testcase name="verifyMultipleFilterWithPageRefresh" time="19.042" classname="org.thecollective.modules.PLPModuleTest">
    <failure type="java.lang.AssertionError" message="applied:2, actual: 1 expected [2] but found [1]">
      <![CDATA[java.lang.AssertionError: applied:2, actual: 1 expected [2] but found [1]
at org.thecollective.pageobjects.listpage.ListPageObjects.verifyMultipleCheckedFilter(ListPageObjects.java:450)
at org.thecollective.modules.PLPModuleTest.verifyMultipleFilterWithPageRefresh(PLPModuleTest.java:124)
at org.thecollective.maincontroller.MainController.run(MainController.java:221)
... Removed 32 stack frames]]>
    </failure>
  </testcase> <!-- verifyMultipleFilterWithPageRefresh -->
  <testcase name="verifyProductListByCatNavigation" time="25.674" classname="org.thecollective.modules.PLPModuleTest">
    <failure type="java.lang.IndexOutOfBoundsException" message="Index: 0, Size: 0">
      <![CDATA[java.lang.IndexOutOfBoundsException: Index: 0, Size: 0
at java.util.ArrayList.rangeCheck(Unknown Source)
at java.util.ArrayList.get(Unknown Source)
at org.openqa.selenium.support.pagefactory.internal.LocatingElementListHandler.invoke(LocatingElementListHandler.java:39)
at com.sun.proxy.$Proxy20.get(Unknown Source)
at org.thecollective.pageobjects.listpage.ListPageObjects.verifyListedProducts(ListPageObjects.java:82)
at org.thecollective.modules.PLPModuleTest.verifyProductListByCatNavigation(PLPModuleTest.java:40)
at org.thecollective.maincontroller.MainController.run(MainController.java:221)
... Removed 30 stack frames]]>
    </failure>
  </testcase> <!-- verifyProductListByCatNavigation -->
  <testcase name="verifyProductListPageBySearch" time="25.354" classname="org.thecollective.modules.PLPModuleTest"/>
  <testcase name="verifySingleFilterByChangingSortByOption" time="11.142" classname="org.thecollective.modules.PLPModuleTest"/>
  <testcase name="verifySingleFilterForCatNavigation" time="25.662" classname="org.thecollective.modules.PLPModuleTest">
    <failure type="java.lang.IndexOutOfBoundsException" message="Index: 0, Size: 0">
      <![CDATA[java.lang.IndexOutOfBoundsException: Index: 0, Size: 0
at java.util.ArrayList.rangeCheck(Unknown Source)
at java.util.ArrayList.get(Unknown Source)
at org.openqa.selenium.support.pagefactory.internal.LocatingElementListHandler.invoke(LocatingElementListHandler.java:39)
at com.sun.proxy.$Proxy20.get(Unknown Source)
at org.thecollective.pageobjects.listpage.ListPageObjects.verifyListedProducts(ListPageObjects.java:82)
at org.thecollective.modules.PLPModuleTest.verifySingleFilterForCatNavigation(PLPModuleTest.java:170)
at org.thecollective.maincontroller.MainController.run(MainController.java:221)
... Removed 30 stack frames]]>
    </failure>
  </testcase> <!-- verifySingleFilterForCatNavigation -->
  <testcase name="verifySingleFilterFunWithPageRefresh" time="15.039" classname="org.thecollective.modules.PLPModuleTest">
    <failure type="java.lang.AssertionError" message="applied filter not shown expected [true] but found [false]">
      <![CDATA[java.lang.AssertionError: applied filter not shown expected [true] but found [false]
at org.thecollective.pageobjects.listpage.ListPageObjects.verifySingleCheckedFilter(ListPageObjects.java:420)
at org.thecollective.modules.PLPModuleTest.verifySingleFilterFunWithPageRefresh(PLPModuleTest.java:90)
at org.thecollective.maincontroller.MainController.run(MainController.java:221)
... Removed 30 stack frames]]>
    </failure>
  </testcase> <!-- verifySingleFilterFunWithPageRefresh -->
  <testcase name="verifySingleFilterPageRefreshForCatNavigation" time="25.619" classname="org.thecollective.modules.PLPModuleTest">
    <failure type="java.lang.IndexOutOfBoundsException" message="Index: 0, Size: 0">
      <![CDATA[java.lang.IndexOutOfBoundsException: Index: 0, Size: 0
at java.util.ArrayList.rangeCheck(Unknown Source)
at java.util.ArrayList.get(Unknown Source)
at org.openqa.selenium.support.pagefactory.internal.LocatingElementListHandler.invoke(LocatingElementListHandler.java:39)
at com.sun.proxy.$Proxy20.get(Unknown Source)
at org.thecollective.pageobjects.listpage.ListPageObjects.verifyListedProducts(ListPageObjects.java:82)
at org.thecollective.modules.PLPModuleTest.verifySingleFilterPageRefreshForCatNavigation(PLPModuleTest.java:186)
at org.thecollective.maincontroller.MainController.run(MainController.java:221)
... Removed 30 stack frames]]>
    </failure>
  </testcase> <!-- verifySingleFilterPageRefreshForCatNavigation -->
  <testcase name="verifyAllCategories" time="23.867" classname="org.thecollective.modules.HomePageModuleTest">
    <failure type="java.lang.AssertionError" message="products are not available expected [true] but found [false]">
      <![CDATA[java.lang.AssertionError: products are not available expected [true] but found [false]
at org.thecollective.pageobjects.listpage.ListPageObjects.verifyListedProduct(ListPageObjects.java:89)
at org.thecollective.pageobjects.homepage.HomePageObjects.clickOnCategoryLink(HomePageObjects.java:598)
at org.thecollective.modules.HomePageModuleTest.verifyAllCategories(HomePageModuleTest.java:205)
at org.thecollective.maincontroller.MainController.run(MainController.java:221)
... Removed 30 stack frames]]>
    </failure>
  </testcase> <!-- verifyAllCategories -->
  <testcase name="verifyAllImagePathLinksCheckout" time="33.037" classname="org.thecollective.modules.HomePageModuleTest"/>
  <testcase name="verifyAllImagePathLinksCheckoutShippingAddres" time="43.22" classname="org.thecollective.modules.HomePageModuleTest"/>
  <testcase name="verifyAllImagePathLinksInHomepage" time="0.224" classname="org.thecollective.modules.HomePageModuleTest"/>
  <testcase name="verifyAllImagePathLinksInLoginPage" time="5.855" classname="org.thecollective.modules.HomePageModuleTest"/>
  <testcase name="verifyAllImagePathLinksInMyOrderPage" time="18.502" classname="org.thecollective.modules.HomePageModuleTest"/>
  <testcase name="verifyAllImagePathLinksInSignUpPage" time="5.849" classname="org.thecollective.modules.HomePageModuleTest"/>
  <testcase name="verifyAllImagePathLinksListPage" time="6.575" classname="org.thecollective.modules.HomePageModuleTest"/>
  <testcase name="verifyAllImagePathLinksPDP" time="16.37" classname="org.thecollective.modules.HomePageModuleTest"/>
  <testcase name="verifyFooterLinksFunctionality" time="35.488" classname="org.thecollective.modules.HomePageModuleTest"/>
  <testcase name="verifyHomePageAfterLogin" time="12.136" classname="org.thecollective.modules.HomePageModuleTest"/>
  <testcase name="verifyHomePageFooters" time="3.486" classname="org.thecollective.modules.HomePageModuleTest"/>
  <testcase name="verifyHomePageHeadersBeforeLogin" time="3.598" classname="org.thecollective.modules.HomePageModuleTest">
    <failure type="org.openqa.selenium.WebDriverException" message="unknown error: Element &amp;lt;a href=&amp;quot;/category/women/offers-1279?fp[]=gender_fq:...&amp;amp;amp;page=1&amp;quot; onclick=&amp;quot;menuClickGA(&amp;apos;L1 click&amp;apos;,&amp;apos;Women&amp;apos;);&amp;quot; target=&amp;quot;_self&amp;quot;&amp;gt;Women&amp;lt;/a&amp;gt; is not clickable at point (474, 70). Other element would receive the click: &amp;lt;div class=&amp;quot;bg_overlay&amp;quot; id=&amp;quot;divGlobalLoader&amp;quot;&amp;gt;...&amp;lt;/div&amp;gt;
  (Session info: chrome=69.0.3497.100)
  (Driver info: chromedriver=2.36.540470 (e522d04694c7ebea4ba8821272dbef4f9b818c91),platform=Windows NT 6.3.9600 x86_64) (WARNING: The server did not provide any stacktrace information)
Command duration or timeout: 42 milliseconds
Build info: version: &amp;apos;2.53.0&amp;apos;, revision: &amp;apos;35ae25b1534ae328c771e0856c93e187490ca824&amp;apos;, time: &amp;apos;2016-03-15 10:43:46&amp;apos;
System info: host: &amp;apos;MGLT-CND6046GGC&amp;apos;, ip: &amp;apos;172.21.14.225&amp;apos;, os.name: &amp;apos;Windows 8.1&amp;apos;, os.arch: &amp;apos;amd64&amp;apos;, os.version: &amp;apos;6.3&amp;apos;, java.version: &amp;apos;1.8.0_181&amp;apos;
Driver info: org.openqa.selenium.chrome.ChromeDriver
Capabilities [{applicationCacheEnabled=false, rotatable=false, mobileEmulationEnabled=false, networkConnectionEnabled=false, chrome={chromedriverVersion=2.36.540470 (e522d04694c7ebea4ba8821272dbef4f9b818c91), userDataDir=C:\Users\THIRUV~1.CHI\AppData\Local\Temp\scoped_dir7928_15812}, takesHeapSnapshot=true, pageLoadStrategy=normal, databaseEnabled=false, handlesAlerts=true, hasTouchScreen=false, version=69.0.3497.100, platform=WIN8_1, browserConnectionEnabled=false, nativeEvents=true, acceptSslCerts=false, acceptInsecureCerts=false, locationContextEnabled=true, webStorageEnabled=true, browserName=chrome, takesScreenshot=true, javascriptEnabled=true, cssSelectorsEnabled=true, setWindowRect=true, unexpectedAlertBehaviour=}]
Session ID: 4b3e63b0ad5575a957b4364789850c63">
      <![CDATA[org.openqa.selenium.WebDriverException: unknown error: Element <a href="/category/women/offers-1279?fp[]=gender_fq:...&amp;page=1" onclick="menuClickGA('L1 click','Women');" target="_self">Women</a> is not clickable at point (474, 70). Other element would receive the click: <div class="bg_overlay" id="divGlobalLoader">...</div>
  (Session info: chrome=69.0.3497.100)
  (Driver info: chromedriver=2.36.540470 (e522d04694c7ebea4ba8821272dbef4f9b818c91),platform=Windows NT 6.3.9600 x86_64) (WARNING: The server did not provide any stacktrace information)
Command duration or timeout: 42 milliseconds
Build info: version: '2.53.0', revision: '35ae25b1534ae328c771e0856c93e187490ca824', time: '2016-03-15 10:43:46'
System info: host: 'MGLT-CND6046GGC', ip: '172.21.14.225', os.name: 'Windows 8.1', os.arch: 'amd64', os.version: '6.3', java.version: '1.8.0_181'
Driver info: org.openqa.selenium.chrome.ChromeDriver
Capabilities [{applicationCacheEnabled=false, rotatable=false, mobileEmulationEnabled=false, networkConnectionEnabled=false, chrome={chromedriverVersion=2.36.540470 (e522d04694c7ebea4ba8821272dbef4f9b818c91), userDataDir=C:\Users\THIRUV~1.CHI\AppData\Local\Temp\scoped_dir7928_15812}, takesHeapSnapshot=true, pageLoadStrategy=normal, databaseEnabled=false, handlesAlerts=true, hasTouchScreen=false, version=69.0.3497.100, platform=WIN8_1, browserConnectionEnabled=false, nativeEvents=true, acceptSslCerts=false, acceptInsecureCerts=false, locationContextEnabled=true, webStorageEnabled=true, browserName=chrome, takesScreenshot=true, javascriptEnabled=true, cssSelectorsEnabled=true, setWindowRect=true, unexpectedAlertBehaviour=}]
Session ID: 4b3e63b0ad5575a957b4364789850c63
at org.openqa.selenium.remote.ErrorHandler.createThrowable(ErrorHandler.java:206)
at org.openqa.selenium.remote.ErrorHandler.throwIfResponseFailed(ErrorHandler.java:158)
at org.openqa.selenium.remote.RemoteWebDriver.execute(RemoteWebDriver.java:678)
at org.openqa.selenium.remote.RemoteWebElement.execute(RemoteWebElement.java:327)
at org.openqa.selenium.remote.RemoteWebElement.click(RemoteWebElement.java:85)
at org.thecollective.pageobjects.homepage.HomePageObjects.verifyMegamenus(HomePageObjects.java:231)
at org.thecollective.pageobjects.homepage.HomePageObjects.verifyHomePage(HomePageObjects.java:219)
at org.thecollective.modules.HomePageModuleTest.verifyHomePageHeadersBeforeLogin(HomePageModuleTest.java:45)
at org.thecollective.maincontroller.MainController.run(MainController.java:221)
... Removed 31 stack frames]]>
    </failure>
  </testcase> <!-- verifyHomePageHeadersBeforeLogin -->
  <testcase name="verifyInvalidSearchFunctionality" time="6.471" classname="org.thecollective.modules.HomePageModuleTest"/>
  <testcase name="verifyMensAccessoriesLinks" time="10.062" classname="org.thecollective.modules.HomePageModuleTest"/>
  <testcase name="verifySearchFunctionality" time="7.835" classname="org.thecollective.modules.HomePageModuleTest"/>
  <testcase name="verifyTheCollectiveStores" time="3.527" classname="org.thecollective.modules.HomePageModuleTest"/>
  <testcase name="verifyWishListFunctionality" time="13.848" classname="org.thecollective.modules.HomePageModuleTest"/>
  <testcase name="verifyWishListIcon" time="0.091" classname="org.thecollective.modules.HomePageModuleTest"/>
  <testcase name="verifyLogoutFunInMyAccountPage" time="14.775" classname="org.thecollective.modules.MyAccountModuleTest"/>
  <testcase name="verifyMyAccountPage" time="15.628" classname="org.thecollective.modules.MyAccountModuleTest"/>
  <testcase name="verifyMyOrdersPage" time="14.74" classname="org.thecollective.modules.MyAccountModuleTest"/>
  <testcase name="verifyMyOrdersPageTabs" time="15.39" classname="org.thecollective.modules.MyAccountModuleTest"/>
  <testcase name="verifySavedItems" time="15.164" classname="org.thecollective.modules.MyAccountModuleTest"/>
  <testcase name="verifyUpdateAddress" time="16.521" classname="org.thecollective.modules.MyAccountModuleTest"/>
  <testcase name="verifyMyWishListFunctionality" time="35.505" classname="org.thecollective.modules.PDPModuleTest"/>
  <testcase name="verifyMyWishListFunctionalityAfterLogin" time="34.075" classname="org.thecollective.modules.PDPModuleTest"/>
  <testcase name="verifyProductDetailsPageTest" time="13.72" classname="org.thecollective.modules.PDPModuleTest"/>
  <testcase name="verifyProductId" time="6.584" classname="org.thecollective.modules.PDPModuleTest"/>
  <testcase name="updateQuantityTest" time="56.889" classname="org.thecollective.modules.CheckoutModuleTest">
    <failure type="org.openqa.selenium.TimeoutException" message="Expected condition failed: waiting for visibility of all [] (tried for 30 second(s) with 500 MILLISECONDS interval)
Build info: version: &amp;apos;2.53.0&amp;apos;, revision: &amp;apos;35ae25b1534ae328c771e0856c93e187490ca824&amp;apos;, time: &amp;apos;2016-03-15 10:43:46&amp;apos;
System info: host: &amp;apos;MGLT-CND6046GGC&amp;apos;, ip: &amp;apos;172.21.14.225&amp;apos;, os.name: &amp;apos;Windows 8.1&amp;apos;, os.arch: &amp;apos;amd64&amp;apos;, os.version: &amp;apos;6.3&amp;apos;, java.version: &amp;apos;1.8.0_181&amp;apos;
Driver info: org.openqa.selenium.chrome.ChromeDriver
Capabilities [{applicationCacheEnabled=false, rotatable=false, mobileEmulationEnabled=false, networkConnectionEnabled=false, chrome={chromedriverVersion=2.36.540470 (e522d04694c7ebea4ba8821272dbef4f9b818c91), userDataDir=C:\Users\THIRUV~1.CHI\AppData\Local\Temp\scoped_dir7928_15812}, takesHeapSnapshot=true, pageLoadStrategy=normal, databaseEnabled=false, handlesAlerts=true, hasTouchScreen=false, version=69.0.3497.100, platform=WIN8_1, browserConnectionEnabled=false, nativeEvents=true, acceptSslCerts=false, acceptInsecureCerts=false, locationContextEnabled=true, webStorageEnabled=true, browserName=chrome, takesScreenshot=true, javascriptEnabled=true, cssSelectorsEnabled=true, setWindowRect=true, unexpectedAlertBehaviour=}]
Session ID: 4b3e63b0ad5575a957b4364789850c63">
      <![CDATA[org.openqa.selenium.TimeoutException: Expected condition failed: waiting for visibility of all [] (tried for 30 second(s) with 500 MILLISECONDS interval)
Build info: version: '2.53.0', revision: '35ae25b1534ae328c771e0856c93e187490ca824', time: '2016-03-15 10:43:46'
System info: host: 'MGLT-CND6046GGC', ip: '172.21.14.225', os.name: 'Windows 8.1', os.arch: 'amd64', os.version: '6.3', java.version: '1.8.0_181'
Driver info: org.openqa.selenium.chrome.ChromeDriver
Capabilities [{applicationCacheEnabled=false, rotatable=false, mobileEmulationEnabled=false, networkConnectionEnabled=false, chrome={chromedriverVersion=2.36.540470 (e522d04694c7ebea4ba8821272dbef4f9b818c91), userDataDir=C:\Users\THIRUV~1.CHI\AppData\Local\Temp\scoped_dir7928_15812}, takesHeapSnapshot=true, pageLoadStrategy=normal, databaseEnabled=false, handlesAlerts=true, hasTouchScreen=false, version=69.0.3497.100, platform=WIN8_1, browserConnectionEnabled=false, nativeEvents=true, acceptSslCerts=false, acceptInsecureCerts=false, locationContextEnabled=true, webStorageEnabled=true, browserName=chrome, takesScreenshot=true, javascriptEnabled=true, cssSelectorsEnabled=true, setWindowRect=true, unexpectedAlertBehaviour=}]
Session ID: 4b3e63b0ad5575a957b4364789850c63
at org.openqa.selenium.support.ui.WebDriverWait.timeoutException(WebDriverWait.java:80)
at org.openqa.selenium.support.ui.FluentWait.until(FluentWait.java:265)
at org.thecollective.utils.Waiting.explicitWaitVisibilityOfElements(Waiting.java:80)
at org.thecollective.pageobjects.listpage.ListPageObjects.clickOnSpecificProduct(ListPageObjects.java:170)
at org.thecollective.modules.CheckoutModuleTest.updateQuantityTest(CheckoutModuleTest.java:142)
at org.thecollective.maincontroller.MainController.run(MainController.java:221)
... Removed 27 stack frames]]>
    </failure>
  </testcase> <!-- updateQuantityTest -->
  <testcase name="verifyLoginByClickOnContinueInSummaryPage" time="58.461" classname="org.thecollective.modules.CheckoutModuleTest">
    <failure type="org.openqa.selenium.TimeoutException" message="Expected condition failed: waiting for visibility of all [] (tried for 30 second(s) with 500 MILLISECONDS interval)
Build info: version: &amp;apos;2.53.0&amp;apos;, revision: &amp;apos;35ae25b1534ae328c771e0856c93e187490ca824&amp;apos;, time: &amp;apos;2016-03-15 10:43:46&amp;apos;
System info: host: &amp;apos;MGLT-CND6046GGC&amp;apos;, ip: &amp;apos;172.21.14.225&amp;apos;, os.name: &amp;apos;Windows 8.1&amp;apos;, os.arch: &amp;apos;amd64&amp;apos;, os.version: &amp;apos;6.3&amp;apos;, java.version: &amp;apos;1.8.0_181&amp;apos;
Driver info: org.openqa.selenium.chrome.ChromeDriver
Capabilities [{applicationCacheEnabled=false, rotatable=false, mobileEmulationEnabled=false, networkConnectionEnabled=false, chrome={chromedriverVersion=2.36.540470 (e522d04694c7ebea4ba8821272dbef4f9b818c91), userDataDir=C:\Users\THIRUV~1.CHI\AppData\Local\Temp\scoped_dir7928_15812}, takesHeapSnapshot=true, pageLoadStrategy=normal, databaseEnabled=false, handlesAlerts=true, hasTouchScreen=false, version=69.0.3497.100, platform=WIN8_1, browserConnectionEnabled=false, nativeEvents=true, acceptSslCerts=false, acceptInsecureCerts=false, locationContextEnabled=true, webStorageEnabled=true, browserName=chrome, takesScreenshot=true, javascriptEnabled=true, cssSelectorsEnabled=true, setWindowRect=true, unexpectedAlertBehaviour=}]
Session ID: 4b3e63b0ad5575a957b4364789850c63">
      <![CDATA[org.openqa.selenium.TimeoutException: Expected condition failed: waiting for visibility of all [] (tried for 30 second(s) with 500 MILLISECONDS interval)
Build info: version: '2.53.0', revision: '35ae25b1534ae328c771e0856c93e187490ca824', time: '2016-03-15 10:43:46'
System info: host: 'MGLT-CND6046GGC', ip: '172.21.14.225', os.name: 'Windows 8.1', os.arch: 'amd64', os.version: '6.3', java.version: '1.8.0_181'
Driver info: org.openqa.selenium.chrome.ChromeDriver
Capabilities [{applicationCacheEnabled=false, rotatable=false, mobileEmulationEnabled=false, networkConnectionEnabled=false, chrome={chromedriverVersion=2.36.540470 (e522d04694c7ebea4ba8821272dbef4f9b818c91), userDataDir=C:\Users\THIRUV~1.CHI\AppData\Local\Temp\scoped_dir7928_15812}, takesHeapSnapshot=true, pageLoadStrategy=normal, databaseEnabled=false, handlesAlerts=true, hasTouchScreen=false, version=69.0.3497.100, platform=WIN8_1, browserConnectionEnabled=false, nativeEvents=true, acceptSslCerts=false, acceptInsecureCerts=false, locationContextEnabled=true, webStorageEnabled=true, browserName=chrome, takesScreenshot=true, javascriptEnabled=true, cssSelectorsEnabled=true, setWindowRect=true, unexpectedAlertBehaviour=}]
Session ID: 4b3e63b0ad5575a957b4364789850c63
at org.openqa.selenium.support.ui.WebDriverWait.timeoutException(WebDriverWait.java:80)
at org.openqa.selenium.support.ui.FluentWait.until(FluentWait.java:265)
at org.thecollective.utils.Waiting.explicitWaitVisibilityOfElements(Waiting.java:80)
at org.thecollective.pageobjects.listpage.ListPageObjects.clickOnSpecificProduct(ListPageObjects.java:170)
at org.thecollective.modules.CheckoutModuleTest.verifyLoginByClickOnContinueInSummaryPage(CheckoutModuleTest.java:291)
at org.thecollective.maincontroller.MainController.run(MainController.java:221)
... Removed 27 stack frames]]>
    </failure>
  </testcase> <!-- verifyLoginByClickOnContinueInSummaryPage -->
  <testcase name="verifyLoginPageFromCouponsTabTest" time="56.515" classname="org.thecollective.modules.CheckoutModuleTest">
    <failure type="org.openqa.selenium.TimeoutException" message="Expected condition failed: waiting for visibility of all [] (tried for 30 second(s) with 500 MILLISECONDS interval)
Build info: version: &amp;apos;2.53.0&amp;apos;, revision: &amp;apos;35ae25b1534ae328c771e0856c93e187490ca824&amp;apos;, time: &amp;apos;2016-03-15 10:43:46&amp;apos;
System info: host: &amp;apos;MGLT-CND6046GGC&amp;apos;, ip: &amp;apos;172.21.14.225&amp;apos;, os.name: &amp;apos;Windows 8.1&amp;apos;, os.arch: &amp;apos;amd64&amp;apos;, os.version: &amp;apos;6.3&amp;apos;, java.version: &amp;apos;1.8.0_181&amp;apos;
Driver info: org.openqa.selenium.chrome.ChromeDriver
Capabilities [{applicationCacheEnabled=false, rotatable=false, mobileEmulationEnabled=false, networkConnectionEnabled=false, chrome={chromedriverVersion=2.36.540470 (e522d04694c7ebea4ba8821272dbef4f9b818c91), userDataDir=C:\Users\THIRUV~1.CHI\AppData\Local\Temp\scoped_dir7928_15812}, takesHeapSnapshot=true, pageLoadStrategy=normal, databaseEnabled=false, handlesAlerts=true, hasTouchScreen=false, version=69.0.3497.100, platform=WIN8_1, browserConnectionEnabled=false, nativeEvents=true, acceptSslCerts=false, acceptInsecureCerts=false, locationContextEnabled=true, webStorageEnabled=true, browserName=chrome, takesScreenshot=true, javascriptEnabled=true, cssSelectorsEnabled=true, setWindowRect=true, unexpectedAlertBehaviour=}]
Session ID: 4b3e63b0ad5575a957b4364789850c63">
      <![CDATA[org.openqa.selenium.TimeoutException: Expected condition failed: waiting for visibility of all [] (tried for 30 second(s) with 500 MILLISECONDS interval)
Build info: version: '2.53.0', revision: '35ae25b1534ae328c771e0856c93e187490ca824', time: '2016-03-15 10:43:46'
System info: host: 'MGLT-CND6046GGC', ip: '172.21.14.225', os.name: 'Windows 8.1', os.arch: 'amd64', os.version: '6.3', java.version: '1.8.0_181'
Driver info: org.openqa.selenium.chrome.ChromeDriver
Capabilities [{applicationCacheEnabled=false, rotatable=false, mobileEmulationEnabled=false, networkConnectionEnabled=false, chrome={chromedriverVersion=2.36.540470 (e522d04694c7ebea4ba8821272dbef4f9b818c91), userDataDir=C:\Users\THIRUV~1.CHI\AppData\Local\Temp\scoped_dir7928_15812}, takesHeapSnapshot=true, pageLoadStrategy=normal, databaseEnabled=false, handlesAlerts=true, hasTouchScreen=false, version=69.0.3497.100, platform=WIN8_1, browserConnectionEnabled=false, nativeEvents=true, acceptSslCerts=false, acceptInsecureCerts=false, locationContextEnabled=true, webStorageEnabled=true, browserName=chrome, takesScreenshot=true, javascriptEnabled=true, cssSelectorsEnabled=true, setWindowRect=true, unexpectedAlertBehaviour=}]
Session ID: 4b3e63b0ad5575a957b4364789850c63
at org.openqa.selenium.support.ui.WebDriverWait.timeoutException(WebDriverWait.java:80)
at org.openqa.selenium.support.ui.FluentWait.until(FluentWait.java:265)
at org.thecollective.utils.Waiting.explicitWaitVisibilityOfElements(Waiting.java:80)
at org.thecollective.pageobjects.listpage.ListPageObjects.clickOnSpecificProduct(ListPageObjects.java:170)
at org.thecollective.modules.CheckoutModuleTest.verifyLoginPageFromCouponsTabTest(CheckoutModuleTest.java:240)
at org.thecollective.maincontroller.MainController.run(MainController.java:221)
... Removed 27 stack frames]]>
    </failure>
  </testcase> <!-- verifyLoginPageFromCouponsTabTest -->
  <testcase name="verifyProductPriceBeforeUpdateTest" time="56.434" classname="org.thecollective.modules.CheckoutModuleTest">
    <failure type="org.openqa.selenium.TimeoutException" message="Expected condition failed: waiting for visibility of all [] (tried for 30 second(s) with 500 MILLISECONDS interval)
Build info: version: &amp;apos;2.53.0&amp;apos;, revision: &amp;apos;35ae25b1534ae328c771e0856c93e187490ca824&amp;apos;, time: &amp;apos;2016-03-15 10:43:46&amp;apos;
System info: host: &amp;apos;MGLT-CND6046GGC&amp;apos;, ip: &amp;apos;172.21.14.225&amp;apos;, os.name: &amp;apos;Windows 8.1&amp;apos;, os.arch: &amp;apos;amd64&amp;apos;, os.version: &amp;apos;6.3&amp;apos;, java.version: &amp;apos;1.8.0_181&amp;apos;
Driver info: org.openqa.selenium.chrome.ChromeDriver
Capabilities [{applicationCacheEnabled=false, rotatable=false, mobileEmulationEnabled=false, networkConnectionEnabled=false, chrome={chromedriverVersion=2.36.540470 (e522d04694c7ebea4ba8821272dbef4f9b818c91), userDataDir=C:\Users\THIRUV~1.CHI\AppData\Local\Temp\scoped_dir7928_15812}, takesHeapSnapshot=true, pageLoadStrategy=normal, databaseEnabled=false, handlesAlerts=true, hasTouchScreen=false, version=69.0.3497.100, platform=WIN8_1, browserConnectionEnabled=false, nativeEvents=true, acceptSslCerts=false, acceptInsecureCerts=false, locationContextEnabled=true, webStorageEnabled=true, browserName=chrome, takesScreenshot=true, javascriptEnabled=true, cssSelectorsEnabled=true, setWindowRect=true, unexpectedAlertBehaviour=}]
Session ID: 4b3e63b0ad5575a957b4364789850c63">
      <![CDATA[org.openqa.selenium.TimeoutException: Expected condition failed: waiting for visibility of all [] (tried for 30 second(s) with 500 MILLISECONDS interval)
Build info: version: '2.53.0', revision: '35ae25b1534ae328c771e0856c93e187490ca824', time: '2016-03-15 10:43:46'
System info: host: 'MGLT-CND6046GGC', ip: '172.21.14.225', os.name: 'Windows 8.1', os.arch: 'amd64', os.version: '6.3', java.version: '1.8.0_181'
Driver info: org.openqa.selenium.chrome.ChromeDriver
Capabilities [{applicationCacheEnabled=false, rotatable=false, mobileEmulationEnabled=false, networkConnectionEnabled=false, chrome={chromedriverVersion=2.36.540470 (e522d04694c7ebea4ba8821272dbef4f9b818c91), userDataDir=C:\Users\THIRUV~1.CHI\AppData\Local\Temp\scoped_dir7928_15812}, takesHeapSnapshot=true, pageLoadStrategy=normal, databaseEnabled=false, handlesAlerts=true, hasTouchScreen=false, version=69.0.3497.100, platform=WIN8_1, browserConnectionEnabled=false, nativeEvents=true, acceptSslCerts=false, acceptInsecureCerts=false, locationContextEnabled=true, webStorageEnabled=true, browserName=chrome, takesScreenshot=true, javascriptEnabled=true, cssSelectorsEnabled=true, setWindowRect=true, unexpectedAlertBehaviour=}]
Session ID: 4b3e63b0ad5575a957b4364789850c63
at org.openqa.selenium.support.ui.WebDriverWait.timeoutException(WebDriverWait.java:80)
at org.openqa.selenium.support.ui.FluentWait.until(FluentWait.java:265)
at org.thecollective.utils.Waiting.explicitWaitVisibilityOfElements(Waiting.java:80)
at org.thecollective.pageobjects.listpage.ListPageObjects.clickOnSpecificProduct(ListPageObjects.java:170)
at org.thecollective.modules.CheckoutModuleTest.verifyProductPriceBeforeUpdateTest(CheckoutModuleTest.java:163)
at org.thecollective.maincontroller.MainController.run(MainController.java:221)
... Removed 27 stack frames]]>
    </failure>
  </testcase> <!-- verifyProductPriceBeforeUpdateTest -->
  <testcase name="verifySavedItemsToShoppingCartTest" time="33.386" classname="org.thecollective.modules.CheckoutModuleTest"/>
  <testcase name="verifyUpdatePriceTest" time="56.416" classname="org.thecollective.modules.CheckoutModuleTest">
    <failure type="org.openqa.selenium.TimeoutException" message="Expected condition failed: waiting for visibility of all [] (tried for 30 second(s) with 500 MILLISECONDS interval)
Build info: version: &amp;apos;2.53.0&amp;apos;, revision: &amp;apos;35ae25b1534ae328c771e0856c93e187490ca824&amp;apos;, time: &amp;apos;2016-03-15 10:43:46&amp;apos;
System info: host: &amp;apos;MGLT-CND6046GGC&amp;apos;, ip: &amp;apos;172.21.14.225&amp;apos;, os.name: &amp;apos;Windows 8.1&amp;apos;, os.arch: &amp;apos;amd64&amp;apos;, os.version: &amp;apos;6.3&amp;apos;, java.version: &amp;apos;1.8.0_181&amp;apos;
Driver info: org.openqa.selenium.chrome.ChromeDriver
Capabilities [{applicationCacheEnabled=false, rotatable=false, mobileEmulationEnabled=false, networkConnectionEnabled=false, chrome={chromedriverVersion=2.36.540470 (e522d04694c7ebea4ba8821272dbef4f9b818c91), userDataDir=C:\Users\THIRUV~1.CHI\AppData\Local\Temp\scoped_dir7928_15812}, takesHeapSnapshot=true, pageLoadStrategy=normal, databaseEnabled=false, handlesAlerts=true, hasTouchScreen=false, version=69.0.3497.100, platform=WIN8_1, browserConnectionEnabled=false, nativeEvents=true, acceptSslCerts=false, acceptInsecureCerts=false, locationContextEnabled=true, webStorageEnabled=true, browserName=chrome, takesScreenshot=true, javascriptEnabled=true, cssSelectorsEnabled=true, setWindowRect=true, unexpectedAlertBehaviour=}]
Session ID: 4b3e63b0ad5575a957b4364789850c63">
      <![CDATA[org.openqa.selenium.TimeoutException: Expected condition failed: waiting for visibility of all [] (tried for 30 second(s) with 500 MILLISECONDS interval)
Build info: version: '2.53.0', revision: '35ae25b1534ae328c771e0856c93e187490ca824', time: '2016-03-15 10:43:46'
System info: host: 'MGLT-CND6046GGC', ip: '172.21.14.225', os.name: 'Windows 8.1', os.arch: 'amd64', os.version: '6.3', java.version: '1.8.0_181'
Driver info: org.openqa.selenium.chrome.ChromeDriver
Capabilities [{applicationCacheEnabled=false, rotatable=false, mobileEmulationEnabled=false, networkConnectionEnabled=false, chrome={chromedriverVersion=2.36.540470 (e522d04694c7ebea4ba8821272dbef4f9b818c91), userDataDir=C:\Users\THIRUV~1.CHI\AppData\Local\Temp\scoped_dir7928_15812}, takesHeapSnapshot=true, pageLoadStrategy=normal, databaseEnabled=false, handlesAlerts=true, hasTouchScreen=false, version=69.0.3497.100, platform=WIN8_1, browserConnectionEnabled=false, nativeEvents=true, acceptSslCerts=false, acceptInsecureCerts=false, locationContextEnabled=true, webStorageEnabled=true, browserName=chrome, takesScreenshot=true, javascriptEnabled=true, cssSelectorsEnabled=true, setWindowRect=true, unexpectedAlertBehaviour=}]
Session ID: 4b3e63b0ad5575a957b4364789850c63
at org.openqa.selenium.support.ui.WebDriverWait.timeoutException(WebDriverWait.java:80)
at org.openqa.selenium.support.ui.FluentWait.until(FluentWait.java:265)
at org.thecollective.utils.Waiting.explicitWaitVisibilityOfElements(Waiting.java:80)
at org.thecollective.pageobjects.listpage.ListPageObjects.clickOnSpecificProduct(ListPageObjects.java:170)
at org.thecollective.modules.CheckoutModuleTest.verifyUpdatePriceTest(CheckoutModuleTest.java:185)
at org.thecollective.maincontroller.MainController.run(MainController.java:221)
... Removed 27 stack frames]]>
    </failure>
  </testcase> <!-- verifyUpdatePriceTest -->
  <testcase name="veryfyCheckoutPageTest" time="56.154" classname="org.thecollective.modules.CheckoutModuleTest">
    <failure type="org.openqa.selenium.TimeoutException" message="Expected condition failed: waiting for visibility of all [] (tried for 30 second(s) with 500 MILLISECONDS interval)
Build info: version: &amp;apos;2.53.0&amp;apos;, revision: &amp;apos;35ae25b1534ae328c771e0856c93e187490ca824&amp;apos;, time: &amp;apos;2016-03-15 10:43:46&amp;apos;
System info: host: &amp;apos;MGLT-CND6046GGC&amp;apos;, ip: &amp;apos;172.21.14.225&amp;apos;, os.name: &amp;apos;Windows 8.1&amp;apos;, os.arch: &amp;apos;amd64&amp;apos;, os.version: &amp;apos;6.3&amp;apos;, java.version: &amp;apos;1.8.0_181&amp;apos;
Driver info: org.openqa.selenium.chrome.ChromeDriver
Capabilities [{applicationCacheEnabled=false, rotatable=false, mobileEmulationEnabled=false, networkConnectionEnabled=false, chrome={chromedriverVersion=2.36.540470 (e522d04694c7ebea4ba8821272dbef4f9b818c91), userDataDir=C:\Users\THIRUV~1.CHI\AppData\Local\Temp\scoped_dir7928_15812}, takesHeapSnapshot=true, pageLoadStrategy=normal, databaseEnabled=false, handlesAlerts=true, hasTouchScreen=false, version=69.0.3497.100, platform=WIN8_1, browserConnectionEnabled=false, nativeEvents=true, acceptSslCerts=false, acceptInsecureCerts=false, locationContextEnabled=true, webStorageEnabled=true, browserName=chrome, takesScreenshot=true, javascriptEnabled=true, cssSelectorsEnabled=true, setWindowRect=true, unexpectedAlertBehaviour=}]
Session ID: 4b3e63b0ad5575a957b4364789850c63">
      <![CDATA[org.openqa.selenium.TimeoutException: Expected condition failed: waiting for visibility of all [] (tried for 30 second(s) with 500 MILLISECONDS interval)
Build info: version: '2.53.0', revision: '35ae25b1534ae328c771e0856c93e187490ca824', time: '2016-03-15 10:43:46'
System info: host: 'MGLT-CND6046GGC', ip: '172.21.14.225', os.name: 'Windows 8.1', os.arch: 'amd64', os.version: '6.3', java.version: '1.8.0_181'
Driver info: org.openqa.selenium.chrome.ChromeDriver
Capabilities [{applicationCacheEnabled=false, rotatable=false, mobileEmulationEnabled=false, networkConnectionEnabled=false, chrome={chromedriverVersion=2.36.540470 (e522d04694c7ebea4ba8821272dbef4f9b818c91), userDataDir=C:\Users\THIRUV~1.CHI\AppData\Local\Temp\scoped_dir7928_15812}, takesHeapSnapshot=true, pageLoadStrategy=normal, databaseEnabled=false, handlesAlerts=true, hasTouchScreen=false, version=69.0.3497.100, platform=WIN8_1, browserConnectionEnabled=false, nativeEvents=true, acceptSslCerts=false, acceptInsecureCerts=false, locationContextEnabled=true, webStorageEnabled=true, browserName=chrome, takesScreenshot=true, javascriptEnabled=true, cssSelectorsEnabled=true, setWindowRect=true, unexpectedAlertBehaviour=}]
Session ID: 4b3e63b0ad5575a957b4364789850c63
at org.openqa.selenium.support.ui.WebDriverWait.timeoutException(WebDriverWait.java:80)
at org.openqa.selenium.support.ui.FluentWait.until(FluentWait.java:265)
at org.thecollective.utils.Waiting.explicitWaitVisibilityOfElements(Waiting.java:80)
at org.thecollective.pageobjects.listpage.ListPageObjects.clickOnSpecificProduct(ListPageObjects.java:170)
at org.thecollective.modules.CheckoutModuleTest.veryfyCheckoutPageTest(CheckoutModuleTest.java:27)
at org.thecollective.maincontroller.MainController.run(MainController.java:221)
... Removed 27 stack frames]]>
    </failure>
  </testcase> <!-- veryfyCheckoutPageTest -->
  <testcase name="veryfyPaymentTest" time="67.347" classname="org.thecollective.modules.CheckoutModuleTest">
    <failure type="org.openqa.selenium.TimeoutException" message="Expected condition failed: waiting for visibility of all [] (tried for 30 second(s) with 500 MILLISECONDS interval)
Build info: version: &amp;apos;2.53.0&amp;apos;, revision: &amp;apos;35ae25b1534ae328c771e0856c93e187490ca824&amp;apos;, time: &amp;apos;2016-03-15 10:43:46&amp;apos;
System info: host: &amp;apos;MGLT-CND6046GGC&amp;apos;, ip: &amp;apos;172.21.14.225&amp;apos;, os.name: &amp;apos;Windows 8.1&amp;apos;, os.arch: &amp;apos;amd64&amp;apos;, os.version: &amp;apos;6.3&amp;apos;, java.version: &amp;apos;1.8.0_181&amp;apos;
Driver info: org.openqa.selenium.chrome.ChromeDriver
Capabilities [{applicationCacheEnabled=false, rotatable=false, mobileEmulationEnabled=false, networkConnectionEnabled=false, chrome={chromedriverVersion=2.36.540470 (e522d04694c7ebea4ba8821272dbef4f9b818c91), userDataDir=C:\Users\THIRUV~1.CHI\AppData\Local\Temp\scoped_dir7928_15812}, takesHeapSnapshot=true, pageLoadStrategy=normal, databaseEnabled=false, handlesAlerts=true, hasTouchScreen=false, version=69.0.3497.100, platform=WIN8_1, browserConnectionEnabled=false, nativeEvents=true, acceptSslCerts=false, acceptInsecureCerts=false, locationContextEnabled=true, webStorageEnabled=true, browserName=chrome, takesScreenshot=true, javascriptEnabled=true, cssSelectorsEnabled=true, setWindowRect=true, unexpectedAlertBehaviour=}]
Session ID: 4b3e63b0ad5575a957b4364789850c63">
      <![CDATA[org.openqa.selenium.TimeoutException: Expected condition failed: waiting for visibility of all [] (tried for 30 second(s) with 500 MILLISECONDS interval)
Build info: version: '2.53.0', revision: '35ae25b1534ae328c771e0856c93e187490ca824', time: '2016-03-15 10:43:46'
System info: host: 'MGLT-CND6046GGC', ip: '172.21.14.225', os.name: 'Windows 8.1', os.arch: 'amd64', os.version: '6.3', java.version: '1.8.0_181'
Driver info: org.openqa.selenium.chrome.ChromeDriver
Capabilities [{applicationCacheEnabled=false, rotatable=false, mobileEmulationEnabled=false, networkConnectionEnabled=false, chrome={chromedriverVersion=2.36.540470 (e522d04694c7ebea4ba8821272dbef4f9b818c91), userDataDir=C:\Users\THIRUV~1.CHI\AppData\Local\Temp\scoped_dir7928_15812}, takesHeapSnapshot=true, pageLoadStrategy=normal, databaseEnabled=false, handlesAlerts=true, hasTouchScreen=false, version=69.0.3497.100, platform=WIN8_1, browserConnectionEnabled=false, nativeEvents=true, acceptSslCerts=false, acceptInsecureCerts=false, locationContextEnabled=true, webStorageEnabled=true, browserName=chrome, takesScreenshot=true, javascriptEnabled=true, cssSelectorsEnabled=true, setWindowRect=true, unexpectedAlertBehaviour=}]
Session ID: 4b3e63b0ad5575a957b4364789850c63
at org.openqa.selenium.support.ui.WebDriverWait.timeoutException(WebDriverWait.java:80)
at org.openqa.selenium.support.ui.FluentWait.until(FluentWait.java:265)
at org.thecollective.utils.Waiting.explicitWaitVisibilityOfElements(Waiting.java:80)
at org.thecollective.pageobjects.listpage.ListPageObjects.clickOnSpecificProduct(ListPageObjects.java:170)
at org.thecollective.modules.CheckoutModuleTest.veryfyPaymentTest(CheckoutModuleTest.java:107)
at org.thecollective.maincontroller.MainController.run(MainController.java:221)
... Removed 27 stack frames]]>
    </failure>
  </testcase> <!-- veryfyPaymentTest -->
  <testcase name="veryfyRemoveProductsTest" time="45.644" classname="org.thecollective.modules.CheckoutModuleTest">
    <failure type="org.openqa.selenium.TimeoutException" message="Expected condition failed: waiting for visibility of Proxy element for: DefaultElementLocator &amp;apos;By.tagName: h1&amp;apos; (tried for 10 second(s) with 500 MILLISECONDS interval)
Build info: version: &amp;apos;2.53.0&amp;apos;, revision: &amp;apos;35ae25b1534ae328c771e0856c93e187490ca824&amp;apos;, time: &amp;apos;2016-03-15 10:43:46&amp;apos;
System info: host: &amp;apos;MGLT-CND6046GGC&amp;apos;, ip: &amp;apos;172.21.14.225&amp;apos;, os.name: &amp;apos;Windows 8.1&amp;apos;, os.arch: &amp;apos;amd64&amp;apos;, os.version: &amp;apos;6.3&amp;apos;, java.version: &amp;apos;1.8.0_181&amp;apos;
Driver info: org.openqa.selenium.chrome.ChromeDriver
Capabilities [{applicationCacheEnabled=false, rotatable=false, mobileEmulationEnabled=false, networkConnectionEnabled=false, chrome={chromedriverVersion=2.36.540470 (e522d04694c7ebea4ba8821272dbef4f9b818c91), userDataDir=C:\Users\THIRUV~1.CHI\AppData\Local\Temp\scoped_dir7928_15812}, takesHeapSnapshot=true, pageLoadStrategy=normal, databaseEnabled=false, handlesAlerts=true, hasTouchScreen=false, version=69.0.3497.100, platform=WIN8_1, browserConnectionEnabled=false, nativeEvents=true, acceptSslCerts=false, acceptInsecureCerts=false, locationContextEnabled=true, webStorageEnabled=true, browserName=chrome, takesScreenshot=true, javascriptEnabled=true, cssSelectorsEnabled=true, setWindowRect=true, unexpectedAlertBehaviour=}]
Session ID: 4b3e63b0ad5575a957b4364789850c63">
      <![CDATA[org.openqa.selenium.TimeoutException: Expected condition failed: waiting for visibility of Proxy element for: DefaultElementLocator 'By.tagName: h1' (tried for 10 second(s) with 500 MILLISECONDS interval)
Build info: version: '2.53.0', revision: '35ae25b1534ae328c771e0856c93e187490ca824', time: '2016-03-15 10:43:46'
System info: host: 'MGLT-CND6046GGC', ip: '172.21.14.225', os.name: 'Windows 8.1', os.arch: 'amd64', os.version: '6.3', java.version: '1.8.0_181'
Driver info: org.openqa.selenium.chrome.ChromeDriver
Capabilities [{applicationCacheEnabled=false, rotatable=false, mobileEmulationEnabled=false, networkConnectionEnabled=false, chrome={chromedriverVersion=2.36.540470 (e522d04694c7ebea4ba8821272dbef4f9b818c91), userDataDir=C:\Users\THIRUV~1.CHI\AppData\Local\Temp\scoped_dir7928_15812}, takesHeapSnapshot=true, pageLoadStrategy=normal, databaseEnabled=false, handlesAlerts=true, hasTouchScreen=false, version=69.0.3497.100, platform=WIN8_1, browserConnectionEnabled=false, nativeEvents=true, acceptSslCerts=false, acceptInsecureCerts=false, locationContextEnabled=true, webStorageEnabled=true, browserName=chrome, takesScreenshot=true, javascriptEnabled=true, cssSelectorsEnabled=true, setWindowRect=true, unexpectedAlertBehaviour=}]
Session ID: 4b3e63b0ad5575a957b4364789850c63
at org.openqa.selenium.support.ui.WebDriverWait.timeoutException(WebDriverWait.java:80)
at org.openqa.selenium.support.ui.FluentWait.until(FluentWait.java:265)
at org.thecollective.utils.Waiting.explicitWaitVisibilityOfElement(Waiting.java:58)
at org.thecollective.pageobjects.checkout.CheckoutSummaryPageObjects.verifyEmptyCartText(CheckoutSummaryPageObjects.java:162)
at org.thecollective.pageobjects.checkout.CheckoutSummaryPageObjects.verifyEmptyCartPage(CheckoutSummaryPageObjects.java:134)
at org.thecollective.modules.CheckoutModuleTest.veryfyRemoveProductsTest(CheckoutModuleTest.java:93)
at org.thecollective.maincontroller.MainController.run(MainController.java:221)
Caused by: org.openqa.selenium.NoSuchElementException: no such element: Unable to locate element: {"method":"tag name","selector":"h1"}
  (Session info: chrome=69.0.3497.100)
  (Driver info: chromedriver=2.36.540470 (e522d04694c7ebea4ba8821272dbef4f9b818c91),platform=Windows NT 6.3.9600 x86_64) (WARNING: The server did not provide any stacktrace information)
Command duration or timeout: 10.01 seconds
For documentation on this error, please visit: http://seleniumhq.org/exceptions/no_such_element.html
Build info: version: '2.53.0', revision: '35ae25b1534ae328c771e0856c93e187490ca824', time: '2016-03-15 10:43:46'
System info: host: 'MGLT-CND6046GGC', ip: '172.21.14.225', os.name: 'Windows 8.1', os.arch: 'amd64', os.version: '6.3', java.version: '1.8.0_181'
Driver info: org.openqa.selenium.chrome.ChromeDriver
Capabilities [{applicationCacheEnabled=false, rotatable=false, mobileEmulationEnabled=false, networkConnectionEnabled=false, chrome={chromedriverVersion=2.36.540470 (e522d04694c7ebea4ba8821272dbef4f9b818c91), userDataDir=C:\Users\THIRUV~1.CHI\AppData\Local\Temp\scoped_dir7928_15812}, takesHeapSnapshot=true, pageLoadStrategy=normal, databaseEnabled=false, handlesAlerts=true, hasTouchScreen=false, version=69.0.3497.100, platform=WIN8_1, browserConnectionEnabled=false, nativeEvents=true, acceptSslCerts=false, acceptInsecureCerts=false, locationContextEnabled=true, webStorageEnabled=true, browserName=chrome, takesScreenshot=true, javascriptEnabled=true, cssSelectorsEnabled=true, setWindowRect=true, unexpectedAlertBehaviour=}]
Session ID: 4b3e63b0ad5575a957b4364789850c63
*** Element info: {Using=tag name, value=h1}
at org.openqa.selenium.remote.ErrorHandler.createThrowable(ErrorHandler.java:206)
at org.openqa.selenium.remote.ErrorHandler.throwIfResponseFailed(ErrorHandler.java:158)
at org.openqa.selenium.remote.RemoteWebDriver.execute(RemoteWebDriver.java:678)
at org.openqa.selenium.remote.RemoteWebDriver.findElement(RemoteWebDriver.java:363)
at org.openqa.selenium.remote.RemoteWebDriver.findElementByTagName(RemoteWebDriver.java:445)
at org.openqa.selenium.By$ByTagName.findElement(By.java:334)
at org.openqa.selenium.remote.RemoteWebDriver.findElement(RemoteWebDriver.java:355)
at org.openqa.selenium.support.pagefactory.DefaultElementLocator.findElement(DefaultElementLocator.java:69)
at org.openqa.selenium.support.pagefactory.internal.LocatingElementHandler.invoke(LocatingElementHandler.java:38)
at com.sun.proxy.$Proxy18.isDisplayed(Unknown Source)
at org.openqa.selenium.support.ui.ExpectedConditions.elementIfVisible(ExpectedConditions.java:302)
at org.openqa.selenium.support.ui.ExpectedConditions.access$100(ExpectedConditions.java:41)
at org.openqa.selenium.support.ui.ExpectedConditions$10.apply(ExpectedConditions.java:288)
at org.openqa.selenium.support.ui.ExpectedConditions$10.apply(ExpectedConditions.java:285)
at org.openqa.selenium.support.ui.FluentWait.until(FluentWait.java:238)
... 32 more
... Removed 31 stack frames]]>
    </failure>
  </testcase> <!-- veryfyRemoveProductsTest -->
  <testcase name="verifyLoginLinkInCouponsTabTest" time="66.687" classname="org.thecollective.modules.CheckoutModuleTest">
    <failure type="org.openqa.selenium.TimeoutException" message="Expected condition failed: waiting for visibility of all [] (tried for 30 second(s) with 500 MILLISECONDS interval)
Build info: version: &amp;apos;2.53.0&amp;apos;, revision: &amp;apos;35ae25b1534ae328c771e0856c93e187490ca824&amp;apos;, time: &amp;apos;2016-03-15 10:43:46&amp;apos;
System info: host: &amp;apos;MGLT-CND6046GGC&amp;apos;, ip: &amp;apos;172.21.14.225&amp;apos;, os.name: &amp;apos;Windows 8.1&amp;apos;, os.arch: &amp;apos;amd64&amp;apos;, os.version: &amp;apos;6.3&amp;apos;, java.version: &amp;apos;1.8.0_181&amp;apos;
Driver info: org.openqa.selenium.chrome.ChromeDriver
Capabilities [{applicationCacheEnabled=false, rotatable=false, mobileEmulationEnabled=false, networkConnectionEnabled=false, chrome={chromedriverVersion=2.36.540470 (e522d04694c7ebea4ba8821272dbef4f9b818c91), userDataDir=C:\Users\THIRUV~1.CHI\AppData\Local\Temp\scoped_dir7928_15812}, takesHeapSnapshot=true, pageLoadStrategy=normal, databaseEnabled=false, handlesAlerts=true, hasTouchScreen=false, version=69.0.3497.100, platform=WIN8_1, browserConnectionEnabled=false, nativeEvents=true, acceptSslCerts=false, acceptInsecureCerts=false, locationContextEnabled=true, webStorageEnabled=true, browserName=chrome, takesScreenshot=true, javascriptEnabled=true, cssSelectorsEnabled=true, setWindowRect=true, unexpectedAlertBehaviour=}]
Session ID: 4b3e63b0ad5575a957b4364789850c63">
      <![CDATA[org.openqa.selenium.TimeoutException: Expected condition failed: waiting for visibility of all [] (tried for 30 second(s) with 500 MILLISECONDS interval)
Build info: version: '2.53.0', revision: '35ae25b1534ae328c771e0856c93e187490ca824', time: '2016-03-15 10:43:46'
System info: host: 'MGLT-CND6046GGC', ip: '172.21.14.225', os.name: 'Windows 8.1', os.arch: 'amd64', os.version: '6.3', java.version: '1.8.0_181'
Driver info: org.openqa.selenium.chrome.ChromeDriver
Capabilities [{applicationCacheEnabled=false, rotatable=false, mobileEmulationEnabled=false, networkConnectionEnabled=false, chrome={chromedriverVersion=2.36.540470 (e522d04694c7ebea4ba8821272dbef4f9b818c91), userDataDir=C:\Users\THIRUV~1.CHI\AppData\Local\Temp\scoped_dir7928_15812}, takesHeapSnapshot=true, pageLoadStrategy=normal, databaseEnabled=false, handlesAlerts=true, hasTouchScreen=false, version=69.0.3497.100, platform=WIN8_1, browserConnectionEnabled=false, nativeEvents=true, acceptSslCerts=false, acceptInsecureCerts=false, locationContextEnabled=true, webStorageEnabled=true, browserName=chrome, takesScreenshot=true, javascriptEnabled=true, cssSelectorsEnabled=true, setWindowRect=true, unexpectedAlertBehaviour=}]
Session ID: 4b3e63b0ad5575a957b4364789850c63
at org.openqa.selenium.support.ui.WebDriverWait.timeoutException(WebDriverWait.java:80)
at org.openqa.selenium.support.ui.FluentWait.until(FluentWait.java:265)
at org.thecollective.utils.Waiting.explicitWaitVisibilityOfElements(Waiting.java:80)
at org.thecollective.pageobjects.listpage.ListPageObjects.clickOnSpecificProduct(ListPageObjects.java:170)
at org.thecollective.modules.CheckoutModuleTest.verifyLoginLinkInCouponsTabTest(CheckoutModuleTest.java:210)
at org.thecollective.maincontroller.MainController.run(MainController.java:221)
... Removed 27 stack frames]]>
    </failure>
  </testcase> <!-- verifyLoginLinkInCouponsTabTest -->
  <testcase name="verifyCouponsSectionCheckoutPage" time="0.0" classname="org.thecollective.modules.CheckoutModuleTest">
    <skipped/>
  </testcase> <!-- verifyCouponsSectionCheckoutPage -->
  <testcase name="verifyLoginFunctionalityInCheckoutPage" time="0.0" classname="org.thecollective.modules.CheckoutModuleTest">
    <skipped/>
  </testcase> <!-- verifyLoginFunctionalityInCheckoutPage -->
  <testcase name="verifyLoginFunctionalityInCouponsTabTest" time="0.0" classname="org.thecollective.modules.CheckoutModuleTest">
    <skipped/>
  </testcase> <!-- verifyLoginFunctionalityInCouponsTabTest -->
  <testcase name="verifyOrderPlacementByCCO" time="0.0" classname="org.thecollective.modules.CheckoutModuleTest">
    <skipped/>
  </testcase> <!-- verifyOrderPlacementByCCO -->
  <testcase name="verifyOrderPlacementByCod" time="0.0" classname="org.thecollective.modules.CheckoutModuleTest">
    <skipped/>
  </testcase> <!-- verifyOrderPlacementByCod -->
  <testcase name="veryfyShippingAddresTest" time="0.0" classname="org.thecollective.modules.CheckoutModuleTest">
    <skipped/>
  </testcase> <!-- veryfyShippingAddresTest -->
  <testcase name="loginInvalid" time="11.619" classname="org.thecollective.modules.LoginModuleTest"/>
  <testcase name="loginInvalid" time="11.197" classname="org.thecollective.modules.LoginModuleTest"/>
  <testcase name="loginInvalid" time="10.776" classname="org.thecollective.modules.LoginModuleTest"/>
  <testcase name="loginInvalid" time="11.017" classname="org.thecollective.modules.LoginModuleTest"/>
  <testcase name="loginInvalid" time="11.622" classname="org.thecollective.modules.LoginModuleTest"/>
  <testcase name="loginInvalid" time="11.215" classname="org.thecollective.modules.LoginModuleTest"/>
  <testcase name="loginInvalid" time="11.704" classname="org.thecollective.modules.LoginModuleTest"/>
  <testcase name="loginInvalid" time="11.366" classname="org.thecollective.modules.LoginModuleTest"/>
  <testcase name="loginInvalid" time="11.813" classname="org.thecollective.modules.LoginModuleTest"/>
  <testcase name="loginInvalid" time="10.438" classname="org.thecollective.modules.LoginModuleTest"/>
  <testcase name="loginInvalid" time="13.129" classname="org.thecollective.modules.LoginModuleTest"/>
  <testcase name="loginValid" time="13.618" classname="org.thecollective.modules.LoginModuleTest">
    <failure type="java.lang.AssertionError" message="unable to login to site with the entered credentials expected [The Collective] but found [The Collective My Information]">
      <![CDATA[java.lang.AssertionError: unable to login to site with the entered credentials expected [The Collective] but found [The Collective My Information]
at org.thecollective.pageobjects.homepage.HomePageObjects.verifyUserProfile(HomePageObjects.java:248)
at org.thecollective.modules.LoginModuleTest.loginValid(LoginModuleTest.java:54)
at org.thecollective.maincontroller.MainController.run(MainController.java:221)
... Removed 32 stack frames]]>
    </failure>
  </testcase> <!-- loginValid -->
  <testcase name="verifyLoginLinkInLandingPage" time="12.562" classname="org.thecollective.modules.LoginModuleTest">
    <failure type="org.openqa.selenium.NoSuchElementException" message="no such element: Unable to locate element: {&amp;quot;method&amp;quot;:&amp;quot;xpath&amp;quot;,&amp;quot;selector&amp;quot;:&amp;quot;//a[@title=&amp;apos;Login&amp;apos;]&amp;quot;}
  (Session info: chrome=69.0.3497.100)
  (Driver info: chromedriver=2.36.540470 (e522d04694c7ebea4ba8821272dbef4f9b818c91),platform=Windows NT 6.3.9600 x86_64) (WARNING: The server did not provide any stacktrace information)
Command duration or timeout: 10.02 seconds
For documentation on this error, please visit: http://seleniumhq.org/exceptions/no_such_element.html
Build info: version: &amp;apos;2.53.0&amp;apos;, revision: &amp;apos;35ae25b1534ae328c771e0856c93e187490ca824&amp;apos;, time: &amp;apos;2016-03-15 10:43:46&amp;apos;
System info: host: &amp;apos;MGLT-CND6046GGC&amp;apos;, ip: &amp;apos;172.21.14.225&amp;apos;, os.name: &amp;apos;Windows 8.1&amp;apos;, os.arch: &amp;apos;amd64&amp;apos;, os.version: &amp;apos;6.3&amp;apos;, java.version: &amp;apos;1.8.0_181&amp;apos;
Driver info: org.openqa.selenium.chrome.ChromeDriver
Capabilities [{applicationCacheEnabled=false, rotatable=false, mobileEmulationEnabled=false, networkConnectionEnabled=false, chrome={chromedriverVersion=2.36.540470 (e522d04694c7ebea4ba8821272dbef4f9b818c91), userDataDir=C:\Users\THIRUV~1.CHI\AppData\Local\Temp\scoped_dir7928_15812}, takesHeapSnapshot=true, pageLoadStrategy=normal, databaseEnabled=false, handlesAlerts=true, hasTouchScreen=false, version=69.0.3497.100, platform=WIN8_1, browserConnectionEnabled=false, nativeEvents=true, acceptSslCerts=false, acceptInsecureCerts=false, locationContextEnabled=true, webStorageEnabled=true, browserName=chrome, takesScreenshot=true, javascriptEnabled=true, cssSelectorsEnabled=true, setWindowRect=true, unexpectedAlertBehaviour=}]
Session ID: 4b3e63b0ad5575a957b4364789850c63
*** Element info: {Using=xpath, value=//a[@title=&amp;apos;Login&amp;apos;]}">
      <![CDATA[org.openqa.selenium.NoSuchElementException: no such element: Unable to locate element: {"method":"xpath","selector":"//a[@title='Login']"}
  (Session info: chrome=69.0.3497.100)
  (Driver info: chromedriver=2.36.540470 (e522d04694c7ebea4ba8821272dbef4f9b818c91),platform=Windows NT 6.3.9600 x86_64) (WARNING: The server did not provide any stacktrace information)
Command duration or timeout: 10.02 seconds
For documentation on this error, please visit: http://seleniumhq.org/exceptions/no_such_element.html
Build info: version: '2.53.0', revision: '35ae25b1534ae328c771e0856c93e187490ca824', time: '2016-03-15 10:43:46'
System info: host: 'MGLT-CND6046GGC', ip: '172.21.14.225', os.name: 'Windows 8.1', os.arch: 'amd64', os.version: '6.3', java.version: '1.8.0_181'
Driver info: org.openqa.selenium.chrome.ChromeDriver
Capabilities [{applicationCacheEnabled=false, rotatable=false, mobileEmulationEnabled=false, networkConnectionEnabled=false, chrome={chromedriverVersion=2.36.540470 (e522d04694c7ebea4ba8821272dbef4f9b818c91), userDataDir=C:\Users\THIRUV~1.CHI\AppData\Local\Temp\scoped_dir7928_15812}, takesHeapSnapshot=true, pageLoadStrategy=normal, databaseEnabled=false, handlesAlerts=true, hasTouchScreen=false, version=69.0.3497.100, platform=WIN8_1, browserConnectionEnabled=false, nativeEvents=true, acceptSslCerts=false, acceptInsecureCerts=false, locationContextEnabled=true, webStorageEnabled=true, browserName=chrome, takesScreenshot=true, javascriptEnabled=true, cssSelectorsEnabled=true, setWindowRect=true, unexpectedAlertBehaviour=}]
Session ID: 4b3e63b0ad5575a957b4364789850c63
*** Element info: {Using=xpath, value=//a[@title='Login']}
at org.openqa.selenium.remote.ErrorHandler.createThrowable(ErrorHandler.java:206)
at org.openqa.selenium.remote.ErrorHandler.throwIfResponseFailed(ErrorHandler.java:158)
at org.openqa.selenium.remote.RemoteWebDriver.execute(RemoteWebDriver.java:678)
at org.openqa.selenium.remote.RemoteWebDriver.findElement(RemoteWebDriver.java:363)
at org.openqa.selenium.remote.RemoteWebDriver.findElementByXPath(RemoteWebDriver.java:500)
at org.openqa.selenium.By$ByXPath.findElement(By.java:361)
at org.openqa.selenium.remote.RemoteWebDriver.findElement(RemoteWebDriver.java:355)
at org.openqa.selenium.support.pagefactory.DefaultElementLocator.findElement(DefaultElementLocator.java:69)
at org.openqa.selenium.support.pagefactory.internal.LocatingElementHandler.invoke(LocatingElementHandler.java:38)
at com.sun.proxy.$Proxy18.getCoordinates(Unknown Source)
at org.openqa.selenium.interactions.internal.MouseAction.getActionLocation(MouseAction.java:51)
at org.openqa.selenium.interactions.MoveMouseAction.perform(MoveMouseAction.java:39)
at org.openqa.selenium.interactions.CompositeAction.perform(CompositeAction.java:50)
at org.thecollective.pageobjects.homepage.HomePageObjects.verifyLoginLink(HomePageObjects.java:657)
at org.thecollective.modules.LoginModuleTest.verifyLoginLinkInLandingPage(LoginModuleTest.java:24)
at org.thecollective.maincontroller.MainController.run(MainController.java:221)
... Removed 31 stack frames]]>
    </failure>
  </testcase> <!-- verifyLoginLinkInLandingPage -->
  <testcase name="verifyLoginLinkInPListPage" time="6.795" classname="org.thecollective.modules.LoginModuleTest">
    <failure type="java.lang.AssertionError" message="expected [true] but found [false]">
      <![CDATA[java.lang.AssertionError: expected [true] but found [false]
at org.thecollective.pageobjects.homepage.HomePageObjects.verifyLoginLink(HomePageObjects.java:658)
at org.thecollective.modules.LoginModuleTest.verifyLoginLinkInPListPage(LoginModuleTest.java:36)
at org.thecollective.maincontroller.MainController.run(MainController.java:221)
... Removed 31 stack frames]]>
    </failure>
  </testcase> <!-- verifyLoginLinkInPListPage -->
  <testcase name="logoComparision" time="0.0" classname="org.thecollective.modules.HomePageModuleTest">
    <ignored/>
  </testcase> <!-- logoComparision -->
  <testcase name="verifyHomePageFooterLinks" time="0.0" classname="org.thecollective.modules.HomePageModuleTest">
    <ignored/>
  </testcase> <!-- verifyHomePageFooterLinks -->
  <testcase name="@AfterSuite tearDown" time="0.0" classname="org.thecollective.maincontroller.MainController">
    <ignored/>
  </testcase> <!-- @AfterSuite tearDown -->
  <testcase name="@AfterSuite tearDown" time="0.0" classname="org.thecollective.maincontroller.MainController">
    <ignored/>
  </testcase> <!-- @AfterSuite tearDown -->
  <testcase name="@AfterSuite tearDown" time="0.0" classname="org.thecollective.maincontroller.MainController">
    <ignored/>
  </testcase> <!-- @AfterSuite tearDown -->
  <testcase name="@AfterSuite tearDown" time="0.0" classname="org.thecollective.maincontroller.MainController">
    <ignored/>
  </testcase> <!-- @AfterSuite tearDown -->
  <testcase name="@AfterSuite tearDown" time="0.0" classname="org.thecollective.maincontroller.MainController">
    <ignored/>
  </testcase> <!-- @AfterSuite tearDown -->
  <testcase name="@BeforeSuite beforeSuite" time="0.0" classname="org.thecollective.maincontroller.MainController">
    <ignored/>
  </testcase> <!-- @BeforeSuite beforeSuite -->
  <testcase name="@BeforeSuite beforeSuite" time="0.0" classname="org.thecollective.maincontroller.MainController">
    <ignored/>
  </testcase> <!-- @BeforeSuite beforeSuite -->
  <testcase name="@BeforeSuite beforeSuite" time="0.0" classname="org.thecollective.maincontroller.MainController">
    <ignored/>
  </testcase> <!-- @BeforeSuite beforeSuite -->
  <testcase name="@BeforeSuite beforeSuite" time="0.0" classname="org.thecollective.maincontroller.MainController">
    <ignored/>
  </testcase> <!-- @BeforeSuite beforeSuite -->
  <testcase name="@BeforeSuite beforeSuite" time="0.0" classname="org.thecollective.maincontroller.MainController">
    <ignored/>
  </testcase> <!-- @BeforeSuite beforeSuite -->
  <testcase name="verifyChangePassword" time="0.0" classname="org.thecollective.modules.MyAccountModuleTest">
    <ignored/>
  </testcase> <!-- verifyChangePassword -->
  <testcase name="@BeforeTest beforeTest" time="0.0" classname="org.thecollective.maincontroller.MainController">
    <ignored/>
  </testcase> <!-- @BeforeTest beforeTest -->
  <testcase name="@BeforeTest beforeTest" time="0.0" classname="org.thecollective.maincontroller.MainController">
    <ignored/>
  </testcase> <!-- @BeforeTest beforeTest -->
  <testcase name="@BeforeTest beforeTest" time="0.0" classname="org.thecollective.maincontroller.MainController">
    <ignored/>
  </testcase> <!-- @BeforeTest beforeTest -->
  <testcase name="@BeforeTest beforeTest" time="0.0" classname="org.thecollective.maincontroller.MainController">
    <ignored/>
  </testcase> <!-- @BeforeTest beforeTest -->
  <testcase name="@BeforeTest beforeTest" time="0.0" classname="org.thecollective.maincontroller.MainController">
    <ignored/>
  </testcase> <!-- @BeforeTest beforeTest -->
  <testcase name="verifyContentsOfHeaderLinks" time="0.0" classname="org.thecollective.modules.HomePageModuleTest">
    <ignored/>
  </testcase> <!-- verifyContentsOfHeaderLinks -->
</testsuite> <!-- Test -->
